getaddrinfo ENOTFOUND www.abonnement-magazine-gratuit.fr	http://www.abonnement-magazine-gratuit.fr/images/abonnement-be-street_n-emr_0.jpg
HTTP 403	https://4d1hnw.dm2301.livefilestore.com/y2p_yZjzYjfa-t2kF-SsG4Pt5E-BJn6PPbtmnsOGSmv52pKt-yg5bbauwaRVcfqK_in7em29RTrqWFdFQQVw70FL_CwxNbEKb3RcWBwHmC-CgE/6tag_251114-143019.jpg?psid=1
HTTP 403	https://4d1hnw.dm2301.livefilestore.com/y2pX_8n5LWdPGejzlOHAyQzWbqYjZvnHZpbCDwvDBSKrdLYLkT1-rWHYLYPUGl0BwL4pcHKYKY_MVsXDMK8vKzv9ncdjN83Kys1q_i8TQtliZzBzBRdq2nx8YGJGx86sh0Fc_RSwO7BjsE9ofwe5QUDoQ/family.jpg?psid=1
HTTP 403	https://4d1hnw.dm2301.livefilestore.com/y2p_YpA5w9FItLxdnRz8ZWiLPAS2D50oZ1moBAh3Oh1AhAsGhB4AIoY3MvXGpIKoloc5mOSOBURY74QcVRk8q_XchvJv_3KNFhKM3MOHV2knTuXwath-cpQMeZFbXfO2WhZWO3tp63SeGEcR8Vd4BWs1g/6tag_111114-202150.jpg?psid=1
HTTP 403	https://eebs3g.dm2301.livefilestore.com/y2pV8-Jc9hkKTz93q6gXc040BSUU5iqcGqJH-qpJSMvWREVqYU1627DDSGatVMTlyNLgeKDqWsTkZFydZhooxRGqbKmC3OSc_ITN3kCqcatv-e9MRQY0xE16P5i2RlgB5YFQBQnGDsshmtSGeyEZdH86g/6tag_300814-100240.jpg?psid=1
HTTP 403	https://4d1hnw.dm2301.livefilestore.com/y2pNlf_-Hh4bc6G6MFxv6CDH-6cLbkmUAjKcn5xg25KzdPbJ2uJAiPs4dmU3WkdhB-9zGsNGJtejzZR9EQuzGD-LdO96s7KfjXGconfFHnyJX4/6tag_041114-124753.jpg?psid=1
getaddrinfo ENOTFOUND cdn4.smartbuyglasses.be	http://cdn4.smartbuyglasses.be/public/images/designer_eyeglasses/Ray%20Ban/Ray%20Ban%20RX5268%205119.jpg
HTTP 403	https://4d1hnw.dm2301.livefilestore.com/y2pJcMZlY203YjLfZBKWy4cL8qeL_c1joe74fjjA-GZh8Zp7PkUuwjrSkPMHwEVVgmIGhUYvPt0-HWXXtlZyHwmd8w5CrOXW_HS1wV0GB8GuGo/fotor_%281%29%201.jpg?psid=1
getaddrinfo ENOTFOUND s13.postimg.org	http://s13.postimg.org/ugrkejxd3/WP_20130717_003.jpg
HTTP 403	https://scontent-b-lhr.xx.fbcdn.net/hphotos-ash4/1234659_10151973495851062_293218380_n.jpg
HTTP 403	https://scontent-b-ams.xx.fbcdn.net/hphotos-ash3/38975_447219341061_7777746_n.jpg
HTTP 404	http://farm6.staticflickr.com/5249/5325147543_7f939be08e.jpg
HTTP 404	http://www.editiepajot.com/small_pictures/0002/4106/Unknown-1.jpeg?1352249644
HTTP 404	http://www.regenpakhuis.be/regenkleding-img/happy-rainy-days-poncho-denise-19432571l.jpg
getaddrinfo ENOTFOUND i39.tinypic.com	http://i39.tinypic.com/ogyikm.jpg
HTTP 403	https://4d1hnw.dm2301.livefilestore.com/y2pdM-gSXzzdjFu9Sjz6l5uwDYzhgPpgWTLmvU2jcJfdfnewA7n0Y2kgPY2I5ivAhKiaZmuf6ODvIYsrMBcZkto-YoMqdLXzZhrMxqAUkVZdfc/3weken.jpg?psid=1
HTTP 403	https://4d1hnw.dm2301.livefilestore.com/y2pD-hwgtP3qEmmoYvs1OdBZUZXFX1WxoJInzzzwmgUvVrTgHYgz8ld2sf-PxqP-mYk1gr5DeTX7HU98gyWwFeKKXnQKYtEHTa0y-3IgndQSd8/6tag_051014-113946.jpg?psid=1
HTTP 403	https://4d1hnw.dm2301.livefilestore.com/y2pSpyiI6dFxYp_87lNPKXdNZqYJvnSMjNT0PYqM7w04OFEQZQVO_-2Mp44pwwsb4obDHdRz2aIcR0HOHvVzOE7X7tPgA6JaubhrRqU3tyXJR3PWrOhXLkU8STIlW4hYaxocajR4P6-j-xRx15jH7DlfUP58Qg7beoF_7QABuzmntY/IMG_0412.JPG?psid=1
HTTP 403	https://4d1hnw.dm2301.livefilestore.com/y2pyGVmGIpfmeJPM_DvSOEjrkq_0NebFUcbayNaZzC3HoFTy5-83HdoZW94uCwmwMjmN2ah_hyasF2vQZ1RHAKp2gmMraLhRRB7DQqD3VKdp5MP96DFdoHX-bBu2xAC3wCGPjFwgDGrcp0zad38TFvtTWx8F0M8xdsWK3ShJ6dx0yM/fotor_%286%29.jpg?psid=1
HTTP 404	http://static.squarespace.com/static/51b86f2ae4b09028821de279/51bb609ee4b08f4343afa70f/51bb6200e4b06c7e8bea5528/1371234818616/Christa%20Quilts2.jpg?format=750w
HTTP 404	http://www.watchuseek.com/web/files/29514_modules/29580_nieuwsberichten/244413_swatch-est-1983-new-gent.jpg
unable to verify the first certificate; if the root CA is installed locally, try running Node.js with --use-system-ca	http://channel.nationalgeographic.com/exposure/content/photo/photo/42821_penguin-family_ov6heons5l34jtainiivhu6ox7ncurxrbvj6lwuht2ya6mzmafma_610x406.jpg
HTTP 403	https://scontent-bru2-1.xx.fbcdn.net/hphotos-xfp1/v/t1.0-9/11012590_943868412320383_7090032220431293335_n.jpg?oh=920595863c188b095e375a76fa29c594&oe=5603143F
HTTP 403	https://4d1hnw.dm2301.livefilestore.com/y2ph3BlU5Xn6u4kcT8bVMgvJ0hJ5QEQkUCAzxhPD77C4duvCyVBywSwJCr9inJjPYkr8L1Jb7TFZ8kLLQg1GEdfmZ_TZnn-fAbojjW6CwlgMec/happyfeet.jpg?psid=1
HTTP 403	https://4d1hnw.dm2301.livefilestore.com/y2pUkRzJ4DyY6RSLTcxWSKJBptEPw99e68C6vX4VKL6181OSiXSWK97t6VV3RVCT21dvijE8oSiRY0NgPxuEhutdEuxttm0813C9F_qsRAe0Z8/5weken.jpg?psid=1
getaddrinfo ENOTFOUND fbcdn-sphotos-f-a.akamaihd.net	https://fbcdn-sphotos-f-a.akamaihd.net/hphotos-ak-xap1/v/t1.0-9/10348443_10152697614701062_2067568394691057888_n.jpg?oh=3702316e53e4109ed3fdcb3bcfe97898&oe=55C0B5D5&__gda__=1439018624_0205ccccf70cde89ed709651eab57eb8
HTTP 404	http://www.zichtbar.be/sites/default/files/images/zichtbar-visual.jpg
HTTP 404	http://www.diest.be/_uploads/www.diest.be/Communicatieambtenaar/IMG_0489.JPG
HTTP 403	https://scontent-bru2-1.xx.fbcdn.net/hphotos-xfp1/v/t1.0-9/11012590_943868412320383_7090032220431293335_n.jpg?oh=920595863c188b095e375a76fa29c594&amp;oe=5603143F
HTTP 404	http://www.diest.be/_uploads/www.diest.be/Cultuurbeleid/downloads/retrojardin_radio2_web.gif
HTTP 404	http://www.supermercado.be/sites/default/files/images/supermercado-peper.png
getaddrinfo ENOTFOUND i40.tinypic.com	http://i40.tinypic.com/2vls3mq.jpg
getaddrinfo ENOTFOUND sphotos.ak.fbcdn.net	http://sphotos.ak.fbcdn.net/hphotos-ak-snc6/hs006.snc6/165596_10150110767066062_716991061_7643558_3268140_n.jpg
HTTP 429	http://upload.wikimedia.org/wikipedia/en/thumb/9/9d/Maggie_Simpson.png/223px-Maggie_Simpson.png
HTTP 403	https://4d1hnw.dm2303.livefilestore.com/y2pislYpFAL1pZVWSwLvasRtSKXKyNzoZUjtIZohebCdkVOuM6rT3ww2-WTAf313aJ3FI_EkUl4cnG36y5HMYy3HlqHkkTuaiGLlh4ph3Oawcc/6tag_290514-101828.jpg?psid=1
HTTP 404	https://focb3g.dm2302.livefilestore.com/y2pmiIM6lVN0CN2FMKeybr-SOvA-ds55YxvQnheTmXUbKF56clTp7NMpHHC3R33eyz6RH97wki3nE0_7vX70rrsBmSpKWcY9-kO5-smHPU6lsw/6tag_210114-125537.jpg?psid=1
HTTP 410	http://marcohardes.files.wordpress.com/2012/01/spotify-giftcard.png&amp;h=91
HTTP 403	https://4d1hnw.dm2304.livefilestore.com/y2pzL2Vz9LNFA6yeBxrnrw1cveOVwQUBto9u8V7I-IKqu3PxwE4SBZrNFKFODFXoGqygHLlmGZjBbLN9bHbm4KAm1xz9k3oN6ChWUTr-YD8mZk/6tag_090514-125014.jpg?psid=1
HTTP 410	http://marcohardes.files.wordpress.com/2012/01/spotify-giftcard.png?w=150&h=91
HTTP 403	https://4d1hnw.dm2301.livefilestore.com/y2ppzZ-qUk0hkZQV_2bkr3X2u0PTF3Q0iBpH_xqC_SiE9Wi4Kawz_RjEYVpAiXCWPOWUDULzm0Ahh1Ci5fNTSieHqe_6MPyMJSOS6VD8OPhnUY/WP_20141019_16_47_20_Pro.jpg?psid=1
HTTP 410	http://lp.hm.com/hmprod?set=key[source],value[/model/2014/S00%200245846%20001%2000%200000.jpg]&set=key[rotate],value[]&set=key[width],value[]&set=key[height],value[]&set=key[x],value[]&set=key[y],value[]&set=key[type],value[STILL_LIFE_FRONT]&hmver=0&call=url[file:/product/quicklook/large]
HTTP 410	http://lp.hm.com/hmprod?set=key[source],value[/model/2014/S00%200245846%20001%2000%200000.jpg]&amp;set=key[rotate],value[]&amp;set=key[width],value[]&amp;set=key[height],value[]&amp;set=key[x],value[]&amp;set=key[y],value[]&amp;set=key[type],value[STILL_LIFE_FRONT]&amp;hmver=0&amp;call=url[file:/product/quicklook/large]
getaddrinfo ENOTFOUND fbcdn-sphotos-g-a.akamaihd.net	https://fbcdn-sphotos-g-a.akamaihd.net/hphotos-ak-xfa1/t1.0-9/1795786_745858952099262_1543522732_n.jpg
HTTP 403	https://4d1hnw.dm2301.livefilestore.com/y2p3jMcRB8Gwi1zhHXZYnxQZ8RGgS6wUqCjiwoPwQZRSWg0zdj1BQdYMIdl_sBlL2IP9JEZsnbpNhZbvyCD2WsIoet8VG7ouHQZssXpRP9beDUHPESqYL6AHi4UOwcqewwtHOoU1M-feF4kvXM4yZQ7og/6tag-30636671-950928506246275777_30636671.jpg?psid=1
HTTP 403	https://4d1hnw.dm2301.livefilestore.com/y2pZeBPJQrs69qgOuLkMvWy04aGiBF7X3hRF9qbLZv_WeqbwMHpjjZKll-eV-LZd32v_ST0Qkkn70LYQtVYIrT1B4QHHDlW9p_REJRx7sfyrC5XLVPhSpCej17l890OrtRVSV8z2C5gVySftl2nFTNuZg/goodies.jpg?psid=1
HTTP 404	http://www.abconcerts.be/images/events/overview-large/events/1_6156.jpg
HTTP 403	https://4d1hnw.dm2301.livefilestore.com/y2py_hDiILA9iB6ZDk_tSVvN9d6A0iOgstPGBXt0UwZz9veXe6CeYTrNlD3bI0bcOzZNveblg4dfEAzdqNuXgiMb8bwt8Btc5JDQw1fGsvWNOE/WP_20140410_19_28_58_Pro.jpg?psid=1
HTTP 403	https://4d1hnw.dm2302.livefilestore.com/y2pMtQdrqLkjBcWMzgywdaYzGqxRV8xr7XLpRumluBasXVSXl3MnjuPcRISRemu92M0J3D9hDL13JGVyZfD5OgVUN3OBiTzZheRIcd56ZjkKQg/WP_20140410_19_30_52_Pro.jpg?psid=1
HTTP 403	https://4d1hnw.dm2302.livefilestore.com/y2pABM1bBxKAxHzYgYT5Wb4InIBc2D_oiKqAaxWlqRC1FRlc2Rljk5X6z3KOITxm2UZO865tddbUqbFdVi3AzS_FNjMUPp9mjOpCXOiUFAg4VM/WP_20140410_19_27_18_Pro.jpg?psid=1
HTTP 403	https://4d1hnw.dm2302.livefilestore.com/y2p2FwDNAqZHCnbTT_3cLMS0SnWKpOYqv8NmHNS-u4cgudWQo_RsziZTlZ-M2uCXq-VXTCrkbbZECmNuBeUXE7MoeO582dCdJiwEzm3lBcycDM/WP_20140410_19_27_27_Pro.jpg?psid=1
HTTP 404	http://4.bp.blogspot.com/-SpWi0S5Afz4/TbmNbifyUDI/AAAAAAAAATM/82puj-ySxRQ/s1600/Untitled-3.jpg
HTTP 403	https://4d1hnw.dm2304.livefilestore.com/y2pHw6lch_872R-ljszG9m7FFnuZYBGHamzKGdxJfhQwDVcUMNyuLuSbl16kv6ywk9mkE7VLDF0gcMD_oqD9sq3EwXOnWaAfZwJgyf5uiyGrk4/WP_20140413_11_44_23_Pro.jpg?psid=1
HTTP 404	http://microsites.lomography.com/stores/images/emblem_budapest.gif
HTTP 403	https://4d1hnw.dm2303.livefilestore.com/y2pOTAlNPNS9aXvI8Rvzs3uYXRUf9pPE2CjBkwhkdBA2OJbJXIkwI8aTBIMo93HfbKfGAoRqFO6y0dbnA6sS4z7oNC-yAr8xIuG0Lh69pVJm6I/WP_20140413_16_42_14_Pro.jpg?psid=1
HTTP 404	http://www.rododendronart.com/files/rododendron_logo.png
HTTP 403	https://4d1hnw.dm2301.livefilestore.com/y2p9cQiMjQCGfQqiT6gmhkiUaPdtMvVyfvVILMtzERD7xLWCE8KlJO4AkXXf1IpwaSVuE6IcVDFUi0YOcngkun33yZjmMj9Lnc_cJ3PbdIsVvKqHiCpaPyPxlqEhnObbzWLW62oINwxTg0sTStwXUKnuA/fotor_%2833%29.jpg?psid=1
HTTP 404	https://4d1hnw.dm2301.livefilestore.com/y2pT7wa6MeFoOxqLTFouchRj5xFZDw9fe4pmuV0v_x8AtTNXANsLiaS0BXNX_pRtMuQtPfHBYmWRf0pkdt2M96InbD7mA9BsGhvJDvgyoeTxjM/fotor_%2819%29.jpg?psid=1
HTTP 403	https://4d1hnw.dm2303.livefilestore.com/y2pn95Cn6dD28zzvJLydaBkEPBPIf1sH-CeslgOoxl0_fbVNBJpeLvvxToLJ8FAbv0Rd2acDl97dEmZ4et0pAe1RaSEZiQmq61CRhgGBQhTDdw/WP_20140319_21_10_45_Pro.jpg?psid=1
HTTP 403	https://4d1hnw.dm2301.livefilestore.com/y2p9qLDu61GYkgXaEGIXVYBn02THqvsNyXiRvDGGsfBIp7t9Nxts64PlW9ZAtYQ4VyWGmLOTWzGIXShrhBqlDsDIwcsrH0bzK5LHglF6FmfzzY/WP_20140304_06_57_26_Pro.jpg?psid=1
HTTP 403	https://4d1hnw.dm2301.livefilestore.com/y2pGPQ97s8Oqxno8WYBB8YvKdzzGAsIs3bhySkMsxz4Fss5LHi4cAJqkTvAM561HFDIeNVJVB5Ol3a8lYqc3HAbgyv3zM7WrUThWrFjLsPTQH8/WP_20140406_20_46_18_Pro.jpg?psid=1
HTTP 403	https://4d1hnw.dm1.livefilestore.com/y2pX6qCvyxYbQfcfHARFuHYEu8K88fxvXJEFtxAhMYqd9PSzGQV4DazmrVl2eKddUqIYVmczG1Gytz-nGOXOL_SEahMMG5S2UJGAUj5bjkqpVA/WP_20140613_20_34_12_Pro.jpg?psid=1
HTTP 403	https://4d1hnw.dm2301.livefilestore.com/y2p6tOOZd2Y28GIRHMiorpQsidVIv4ekzNCXxgxwEKqqBLzu7sffn83MkXoJsnPhX4iEjPP62uREVFy0YhKgEQ8ogHhNt4dXt1Bvc3jAjRDXM4/fotor_%2834%29.jpg?psid=1
HTTP 403	https://4d1hnw-ch3301.files.1drv.com/y2phJEt3EHglnXjHOLEJUEX0yfSG2ujTx0KPMrTgZxdcurP9-ziIHa4Aid14ZrNMxV4NY1XWjmpR1k59e8v2SpSJGwtlqNpKvqsvc3-UwRpbxY/fotor_%2820%29%201.jpg?psid=1
HTTP 404	http://www.alpro.com/upload/products/almond_1L_chocolate_187.5x355.png
getaddrinfo ENOTFOUND i41.tinypic.com	http://i41.tinypic.com/2powco9.jpg
getaddrinfo ENOTFOUND i42.tinypic.com	http://i42.tinypic.com/2qnta3d.jpg
HTTP 403	https://4d1hnw.dm2301.livefilestore.com/y2p6goo4mzaxaQvKm-C7BpWPW66zZqHEfrR-O9MZJuuD5YosfVH-7gP9gUmnT8K6CPRwn0FnJw_ZQcUJ-57uxAd8nohK32tqdZ9Celo8WRjmsc/WP_20140404_17_46_41_Pro20140404174834.jpg?psid=1
HTTP 403	https://4d1hnw.dm2301.livefilestore.com/y2pX6seUOiYIMavMsiuDLp8zX2ZeF48JGI7QwXQ_FyQP65fZpYZpE5E57Ta1b7tBhYpSwQxCXbTWQdHS3IxYQOnVJdlfCc-zpimrPdEgIq7vbg/130517381340779057.jpg?psid=1
HTTP 403	https://4d1hnw.dm2302.livefilestore.com/y2p0ikw9Sr6LJQAh6F1FyJ5KkX4Veo3f6i2YNke39jhR-ymZ1M9N17Jrfg5uxsIsVeB0vLXJ3JdNZuYgTDLgFlt3KqUbdKnCw-rx2sgN2Aal1k/WP_20140421_11_47_05_Pro.jpg?psid=1
HTTP 404	http://s3.amazonaws.com/ws-shop/public/system/variants/33973/extralarge/P_444330611D1.jpg?1392286996
HTTP 415	http://www.balancedwellness.co.uk/wp-content/uploads/sleepy.jpg
getaddrinfo ENOTFOUND spinoff.comicbookresources.com	http://spinoff.comicbookresources.com/wp-content/uploads/2010/12/damianlewis.jpg
HTTP 403	https://scontent-b.xx.fbcdn.net/hphotos-xpa1/v/t1.0-9/10509579_311619022334944_746479037150374886_n.jpg?oh=b282cd23e1a90468992c25159e7c5a70&amp;oe=5425D477
HTTP 404	https://4d1hnw.dm2301.livefilestore.com/y2peyr4FRch6jqADAU6oLwUtUicaKj_QcuyZ2dE4Q7xodNBftGFKUlY_HRzpnqMegIpZZzx8gWuv_tJ4GkiY72kmStk4WvmNy6kkcGLQWZDACA/sticker.jpg?psid=1
HTTP 403	https://4d1hnw.dm2301.livefilestore.com/y2pS0dqcb_ACBxV7z5-VXegbdG1zf3dpTuAxiRDtGoMWnErJlSWWslH6XumGA5JPtKtMg1lUADJOrKctLuvOJWwTvMsmIUa2_NCpqU6_WyVLVo/fotor_WP_20140714_20_57_26_Pro.jpg?psid=1
HTTP 403	https://scontent-b.xx.fbcdn.net/hphotos-xpa1/v/t1.0-9/10509579_311619022334944_746479037150374886_n.jpg?oh=b282cd23e1a90468992c25159e7c5a70&oe=5425D477
getaddrinfo ENOTFOUND i39.tinypic.com	http://i39.tinypic.com/2dvljbb.jpg
getaddrinfo ENOTFOUND i39.tinypic.com	http://i39.tinypic.com/izc6ir.jpg
getaddrinfo ENOTFOUND i44.tinypic.com	http://i44.tinypic.com/dzunah.jpg
HTTP 403	https://4d1hnw.dm2301.livefilestore.com/y2poAd1WToSo9kAoX2fxjgO0IYMZTOqD_nJzoepPrX0PGnXM43gKaCL5OBoUCUZLXRDvEpln9DfjVzCwSM9BnC8vod8aZB2BN5kBnqVQJnQ8tk/6tag_080314-163950.jpg?psid=1
HTTP 403	https://4d1hnw.dm2301.livefilestore.com/y2pgQ3Qxf-PoErNe33kTwg8O6CnmbvVqrdxC0XwupSuJRZC3cl9AZqqwy3l_Ec5TU3koglWh2_1FuVPNNE8ZBzTbMfdk6nnbL9CHaIZswnxWv8/schoold1.jpg?psid=1
HTTP 403	https://4d1hnw.dm2301.livefilestore.com/y2pAyVp85eTpy-Tife5AUUVCJ1RKL-Lg7pY-RpmKpqdghCkUcJJBxVtyQnf-ZQIMiojeP1xkYHDZvV2ZmRUSjJGQIAogVcF7-HbYs5mqERlU63aDvG3KePU95O-e1LcLk7EtAUVCtcMpaVEW2u5XnMPNA/merci.jpg?psid=1
HTTP 404	http://www.kapiteinwinokio.be/sites/default/files/Startbeeld4.jpg
HTTP 403	https://4d1hnw.dm2301.livefilestore.com/y2p7CDnOQC4TY5sd6_FyWlSydf3F2c8MpxHrM3zVkhu6HjNH9YuPSJT3kH7_JwMKA4VeTg0R_0uAA9TMn85lo0kMNJU90IzcjmDy_637UUTkpg/fotor_%2831%29.jpg?psid=1
HTTP 403	https://4d1hnw.dm2301.livefilestore.com/y2ppTHhrsei1hlvOzH9Pndh3-R5JubdMGTuaOriVVdu6a4DbiKmVL3H-1LxkJ05q_exnexbV0do1AISC7ypPt3D4GIiPhjs8FsSL6Na5-SL1Zk/beestig.jpg?psid=1
HTTP 403	https://4d1hnw.dm2301.livefilestore.com/y2pjAz-MT7GfU1Fs4A-lHsHylsV4I9x-ZjRJLZycQE2UItosSGNmAX7Uo6cwJd_J57NQPJlUWSq8eYlz2_v-BM9U_SMPIUzB0nPa1kYYEVl0uA/fotor_%2832%29.jpg?psid=1
HTTP 403	https://4d1hnw.dm2301.livefilestore.com/y2pngEQ5vF1bHyILoPzo9idxg-8ISbF7diMvV9QnCW-occQVxVLHBz0QNmcQyZk1yERD90lqgYGLrGoeKc1CDc_Y8K4Svu6dZUVu39ebrcpR9E/bankje.jpg?psid=1
HTTP 403	https://4d1hnw.dm1.livefilestore.com/y2poq6lsijnbyDJ4QafEXvkvg_vTWKvzuC6tvAN2lzPk8scLSpD6lXQj9Yj8l5dYxGT_5CDZ76N0RdLKB2pLL00jfNU2ut0urRx-j8uWojk29w/fotor_%2814%29.jpg?psid=1
HTTP 404	http://www.deredactie.be/polopoly_fs/1.1835166!image/2555821883.jpg_gen/derivatives/landscape670/2555821883.jpg
getaddrinfo ENOTFOUND media.fun.be	http://media.fun.be/media/catalog/product/cache/43/image/768x/9df78eab33525d08d6e5fb8d27136e95/2/0/20358307a.png
getaddrinfo ENOTFOUND www.appeltjessap.nl	http://www.appeltjessap.nl/wp-content/uploads/2014/05/baby_mutsje_oren.jpg
HTTP 403	https://4d1hnw.dm2301.livefilestore.com/y2pPPl_oRLSzGpj8_cWbagnx7FzjMUl5oW9m6iX3SvvfX_7YIYxaipIsHuAwpo5ngwG1Fk49_zT3vIJHyGSxKm4C7yhDSzAjVrGHV1kXf1QkF1xU3FZaUCyzTxHpyaCgTr6C6s6sJJqmT9SB0u-ndM-j_glRKZfHssUldxNGTt7Tb8/duplo1.jpg?psid=1
HTTP 403	https://4d1hnw.dm2301.livefilestore.com/y2pUr2lBdsBWajNHyUJOTAOzdO0LmwAWCmYOPotNAwVWg0PjVSlRQNwCbKMqCduHr_f5b33KrxzE2y-01UGYrQAFx4c8NVgDI7GIcUqpOk3F-s/gang.jpg?psid=1
getaddrinfo ENOTFOUND i60.tinypic.com	http://i60.tinypic.com/2j4exky.png
HTTP 403	https://4d1hnw.dm2301.livefilestore.com/y2pSdGJ-dmnCJ3YkUyKDk4iduxLwN_j3gJfey_H348GIVwViohJx2tY7z6b4_dVgXHkNahXDfR0c4AN6fhyINypuxeW_eyZokcdgQ7WSHDFYFWrB18lpxwOTyCq2fQCoZO6spez1zE7QVxEZnlYi975fw/6tag_111214-202517.jpg?psid=1
HTTP 403	https://4d1hnw.dm2301.livefilestore.com/y2pha8_yZKbBCO7EBS_Y117EA-036C44_NqFhXbwcB2Ydv3kEIYDX9xdczalEizZDMYftXE7Uh15HGYUwtphPbjywgoLIpBE8dmOSlt8muevlI/6tag_130814-104036.jpg?psid=1
HTTP 403	https://4d1hnw.dm2301.livefilestore.com/y2pnHj9DCd2XHHTC9QO6ymhCjizcbksG8EcAAunsPgdJz0AtcDVoII6Novj-55NHGcvwp7SizDTbx2XXN6RS_uho5R0xFXbwoDdrLCNVTiN9-8QSo759Pkdue8NiEmPr5bQO0qnj8tGRiwwvpp1dTHasg/6tag_040215-151035.jpg?psid=1
HTTP 403	https://4d1hnw.dm2301.livefilestore.com/y2pJqSgdxEO251KTMHQIvbJ9yrnfiqaFZRPTWFDBK1Sl7edskNHK5uEzt4zwpm_SI6SwkGACA1ept9n0_XLUgl-AT1JgfKjpZ6bBUlI9s9sItg/6tag_290714-204742.jpg?psid=1
HTTP 403	https://4d1hnw.dm2302.livefilestore.com/y2pe_MJduHhEEGXTJ79VhPwjKQz_-PM19u5hGt5S1xAnCVvnYLBl8WCzSqUyKj5nlcBdjBP-nh6ulgpGJK49AJvOq71IEtbzWd_501EdaSGw5w/6tag_160414-174505.jpg?psid=1
HTTP 403	https://4d1hnw.dm2301.livefilestore.com/y2pibCbNkAN5XDwS7mAvO1airtizU89aXWag678Mshw9ObIKw3LTAZYZ4Xl9a9-cEsVpNLOR282sJw-SEZyFH1MZd0hixYxMtkVG-ZYUnWjn2A/6tag_160414-180324.jpg?psid=1
HTTP 403	https://4d1hnw-ch3302.files.1drv.com/y2p863V6dew19c_RyKFGlGnIUFnVeBOwjqsxAzz8G5drTaF7WeOXEwf1O4Mm_tNtkuDcV7qddQduPin2JLevu5E5nYwjLHFKLUJ6E2Dj4_4feU/deken.jpg?psid=1
getaddrinfo ENOTFOUND fbcdn-sphotos-a-a.akamaihd.net	https://fbcdn-sphotos-a-a.akamaihd.net/hphotos-ak-prn2/t1.0-9/10268458_10152039805891805_1098300340387826777_n.jpg
HTTP 403	https://4d1hnw.dm2301.livefilestore.com/y2p5Afiv0ZRNjmPRNenIdwdtYqozSK7U2i4w8Drqf5P1iHtWZMQV3OmhO2SyianVe5EyYDjV2Or0d9xSJ2FNXlOKBZK0y3CDfW_mw7SP-cueHo/6tag_160414-174906.jpg?psid=1
HTTP 403	https://4d1hnw.dm2301.livefilestore.com/y2pXqcMQirWoDg8QsXTwrz4mwGyBQI1N_Nbf17DKSZkDXxfnubz2gR4Q3GTRixGZQneO9lxkDi-Hu3yIIeYieXpSuUFrm72JM_JRNEQ1i61TbE/fotor_%201.jpg?psid=1
HTTP 403	https://4d1hnw.dm2302.livefilestore.com/y2pM3jjatQDAxgGP00yMLhlvKzuLtgoJk5NYBSoNKzMA-2Jlwyg9z8DpggjJ9bWzb5SSzDteSjtC6BsalZBJtCD8h94_D55stmVb7cvZ4oVnEQ/6tag_160414-175143.jpg?psid=1
HTTP 403	https://4d1hnw.dm2302.livefilestore.com/y2p2JAm6-SaHQzJZbEbiC35LUPkhbYi1kurD1GqCDTMPQrS8kwuGXyBBB_34ccuUW8nSN7YGSa_49PBEZr2ygqQf3rmRqv-D48KJf--WfYr9Z0/6tag_160414-180153.jpg?psid=1
HTTP 403	https://4d1hnw.dm2302.livefilestore.com/y2p4whvMQWr-6WwMBbvBTiB37ZVfkHSDhrUfJffZch4vMHzdbHpO-j-mrqVEX4Yl_isbJJr4v3HobwpOa1cmiJyLuvwYU9cIKlWu6Kr-fH_2MM/6tag_020514-110145.jpg?psid=1
HTTP 403	https://4d1hnw.dm1.livefilestore.com/y2pBe0yFMOhDLTGj4-av2KoqqK1aqeOO6xq6TTfBq8131konKbWR4J5ukgKeY_7KjS9mEznjIGkWFSoqYyzF6dAmr-Ru261jKNb9PLSihR5eFc/6tag_160414-180515.jpg?psid=1
getaddrinfo ENOTFOUND fbcdn-sphotos-b-a.akamaihd.net	https://fbcdn-sphotos-b-a.akamaihd.net/hphotos-ak-prn2/v/t1.0-9/481379_10151586190141062_1537440003_n.jpg?oh=37989e63d4c291d28235f7f145f41dca&oe=55B618D1&__gda__=1438264252_49962e130d1b5627209ff7e4f94cdd42
HTTP 403	https://4d1hnw.dm2301.livefilestore.com/y2pY9JY5MB2bpVTP20-eTjWx3YEkCZP92JD8a69P49lOzuxTNhH9NaWCyNOZ2TgUFhHkWzBocjR4WMjDAY4Rtt1wL7M-nVw58Iu1rafkHuAiuoB6_HWWcq4StoLdwdh83QxSM2imWC--dSq22DnjYytoQ/6tag_200315-082018.jpg?psid=1
HTTP 403	https://4d1hnw.dm2301.livefilestore.com/y2pTZgswhLNcc8nCU3tdQy4r9Nvl52mygxyV4dbWzjHfLpusUForEXmXbEirCRNH-UQioiw1gLJfurpSTGBuCqbW4HehE4cygp3VWuXjbUuXvs/6tag_030814-210552.jpg?psid=1
HTTP 403	https://scontent-lhr.xx.fbcdn.net/hphotos-xpf1/v/t1.0-9/522329_10150947073761062_2000508308_n.jpg?oh=b0ee8271d50034ff9523c42dafe4af70&oe=55ADB235
HTTP 403	https://4d1hnw.dm2301.livefilestore.com/y2pHWMfEykhgdw5Wiv_o1fa8NnEBRZGfZpu3-4s03rpw2mCz4mbbZrsWAgt2Q3kTbihuaTh1AFBK8Dy421UbmTzYKf6rap80L4vDIEtQrS5yhA/130602050434549721.jpg?psid=1
HTTP 403	https://4d1hnw.dm2301.livefilestore.com/y2pXANncKHB--1Q_XWjoCkkOvkO8IFPMYpwN56T8HTxTyeD-_vFxpnDxWLjf-FoXdyh6_3A3OE667-kyRuUVQIS682y_DejmrMdCUk59ovRSV0/130602045050301054.jpg?psid=1
getaddrinfo ENOTFOUND fbcdn-sphotos-b-a.akamaihd.net	https://fbcdn-sphotos-b-a.akamaihd.net/hphotos-ak-xpa1/v/t1.0-9/11073305_10153244422996062_3250834607073997087_n.jpg?oh=211b30d49dbf56235a25744fa70087ce&oe=55B6AD90&__gda__=1433953414_6f66c727beecdebfef73fd54e481c9b5
HTTP 403	https://4d1hnw.dm2301.livefilestore.com/y2pThFd6vEKk0AGwsVWBxZXlDwOOPxvSOWNrLmM9LvVZi1tVfVldgbexusRDqKgr_6Qt9Io_5pfJh5c0nPwXcdMkq-UJ13jJ9AO9sBuHnLMuvM/WP_20140402_16_58_33_Pro.jpg?psid=1
HTTP 403	https://4d1hnw.dm2301.livefilestore.com/y2pHZCOCUDrH5AcFx_vpra9I0QFPNVewg-x9UHEJiPzwuAFCJkaAZtxDv2uiJIlqxCiNIYUEA6Ijp2yiBE2MLkfSd9Db0atxQBvePb2wupxt1o/6tag_060814-202237.jpg?psid=1
HTTP 403	https://4d1hnw.dm2301.livefilestore.com/y2pYb3W3KawSMCuhRxcdVZ2K1f7Ynzfu1CfyW-k5LEn781NeODHf4zA3FebwZXG4HYXvW1fIMNlA6Buux7vTApyVSC_KCdPMX-XRCkuzaukfbxIrJUDqI6xKF3_38HX7tpAlquVYwXxpp_1tv1qXoKbXg/6tag_230314-223304.jpg?psid=1
HTTP 403	https://4d1hnw.dm1.livefilestore.com/y2p6SzrPqU3_uh_COeMoLGovAWBAhSvVrrTLisqtaW3Sm4fe2lm8F5wNlaxBm8ChOnU8C6SpdHCPfOxP9DCYG9_QbZwwK13npemE5DbG_j3Has/fotor_%288%29%201.jpg?psid=1
HTTP 403	https://4d1hnw.dm1.livefilestore.com/y2pfIUeKW5uVIxlqbMVJBUzbcD_qrRkSxiG75M0bcVuk6CoaXcV9tGmXXlgzeGVgCi_lSlzshkbGCxouOAtApoTzFUUAPJBLiejEYrmO8EAiBo/6tag_050614-194757.jpg?psid=1
HTTP 403	https://4d1hnw.dm1.livefilestore.com/y2p-pIAHT56RzCj6fvdG7ICPOmsXBI8FC4_PW-wvL05VlJemeHbevqViMryi9RDYMuIcEaPrlrHpx_M7MQjpwsvwa-ZNNKEsA77WnZLxopB5z4/WP_20140402_17_02_17_Pro.jpg?psid=1
getaddrinfo ENOTFOUND www.kamielenco.be	http://www.kamielenco.be/online-babyshop/published/publicdata/MYWEBASYST/attachments/SC/products_pictures/07-033_enl.jpeg
HTTP 403	https://4d1hnw.dm2301.livefilestore.com/y2p4atw4URlTYZ7ryKZ9IG9mlMXDvBAY9jGae2shItyV1zK4edIwGlqAC2FY7jySlH1UctrIis8BPWc26ghTHuIWqtbUyUIR8xy-5t44bOUX55rAQuZ50VSud1jTIb1uAdFa8Tft8WNQ4rJBdr8fiOAQA/tand.jpg?psid=1
HTTP 403	https://4d1hnw.dm2301.livefilestore.com/y2pd68cGhjzkQQ6Oh3CTwKAwveFQwVCD4NQhLmMmbmQuMymGE1VBRgZyV8ADSzGf2ohJMo6hxRwjDALSIVoq_Q3o3CQqGSeSJAG2A3qxsDCu0k/6tag_020914-195423.jpg?psid=1
HTTP 403	https://4d1hnw.dm2301.livefilestore.com/y2pYiJvT2fbMx6Sa6qAnUy_2SSpDBt-1gVBUWIgW28PxVLozjUMJeXsAr41aTm_ldU2R_2y0XOvPmdcPGIi34ycJjQlVKNeYCDfWC2A-rBZZWk/WP_20140828_12_31_45_Pro.jpg?psid=1
HTTP 403	https://4d1hnw.dm2301.livefilestore.com/y2pzhBpk2JCWrrvNHD-Hah_JevPVi0eGB8qK-UiitKEA_kDT0bBgUNHKI7TvsabS6sbQeWJodw9KrvvcZMJ7Aeu16SmpmWfy7KQDXJ-VQWczUg/WP_20140828_12_30_35_Pro.jpg?psid=1
HTTP 404	http://be.nutcasehelmets.com/content/uploads/sites/23/2015/01/NTG3-2152M-Locombie_SandraRamirezEscobar.jpg
HTTP 403	https://4d1hnw.dm1.livefilestore.com/y2pioae_Leq9YtBUmjTXf07m0q5LPHW6B40IaxJyKZCs1KwAyexWbjaCspxDzkwLc9C6-IafegggI8n0j7iyxwLeFKgwPu_5Zcf_p7f6sKjhrs/WP_20140127_002.jpg?psid=1
HTTP 403	https://4d1hnw.dm2303.livefilestore.com/y2pCY4RwAJdr7kvldKuuFlim8G_XqL-yKcaeTEF9FSDwzNI50wLxA94jhPyN0jyjkW21RxMg_YJB2iptP4NFSaCcUDGly3KAxZtb6VofjVF6fI/ideeperdag.jpg?psid=1
HTTP 403	https://4d1hnw.dm2301.livefilestore.com/y2pZrwVP3ygzrPnqsVHotX-cZIer62tMbChxCM5P8s88Q2KblqQg02ixkNwOhAMUBoElRvX59fviohuTw0PQlH6BSfhu_-k856RFXeE-d8Pe9k/fotor_WP_20141108_17_14_13_Pro.jpg?psid=1
HTTP 403	https://4d1hnw.dm2301.livefilestore.com/y2pzqRH83en4Ym5Iy9IQXuEB-ic8WAiOMAN3LeRZ1MfSsG3Z6X5qCkHDcwjLj8IG3m9yKdRsNJexs1d1W3HPBbldeoKD3cN-WHmAIU6wEJWwvk/6tag_091114-154547.jpg?psid=1
HTTP 403	https://4d1hnw.dm2301.livefilestore.com/y2pEk3RTYA8yemKO3c6kt3yFNxFh-sR9FpAYggM06CHLccXrt4SlAiu-LbVnZm91L1Ls-VzgNF2ABLWyaS4K6lUJ_o3qNArl-4CYflQfkVQ5Wg/6tag_091114-135852.jpg?psid=1
HTTP 403	https://4d1hnw.dm2301.livefilestore.com/y2pu8R3t3hSa5qWyHIv5SpN-ntKYx5slnvOr8KjjJHkjMUObmr7ZUD5h5Kwht4KEh5jArxHBmNL7WsbnNNELSPY06PsgqFPiZzratQFoidkwpA/6tag_170814-090113.jpg?psid=1
HTTP 403	https://4d1hnw.dm2301.livefilestore.com/y2p8AMTRMYQx4CXTJ-Ycesnr9FyyTbaCTIfaOjn4-4ThciRMKXVFqCphyVCmdOQTTlw85reELn__LPHhXMADIEMShRoUEqiXBbrrVinZgdhTXo/6tag_091114-102141.jpg?psid=1
HTTP 403	https://4d1hnw.dm1.livefilestore.com/y2pT-JX5m0P0aPj0Y1JVfm_u3IM5RTvafrpRv1knKqVm7QEF_8GP730p7epOpkavlqjyYx2tm--9E0LIpcXKlfFsuX7TIy3WvdcDz30NbCHyKc/6tag_260614-105316.jpg?psid=1
HTTP 403	https://4d1hnw.dm1.livefilestore.com/y2phE_hWVrLMLdgpyoLlwM2NgRX2PkWKEsAGkIgvpRbqUxT3nHNJi7uaUGHTWZi0YbnHr7HiV1HZWGNInhG78Ibid-sJQc6fVK-x4psBkqSJKA/6tag_260614-105831.jpg?psid=1
getaddrinfo ENOTFOUND static0.goedgevoel.be	http://static0.goedgevoel.be/static/photo/2015/11/12/5/20150401154152/media_xl_7603925.jpg
HTTP 403	https://4d1hnw.dm2301.livefilestore.com/y2pVQs8OtkTVesOP0OS4EezMk2fWQXdQeRNJrD-TnUeQhtxiocS0oHXJBTIvtlmpJRpf4UeTmSA73d7NYmILuiv-MsbDsNLgFGwVOIsP9pidRM/Twitter432421e.jpg?psid=1
HTTP 403	https://4d1hnw.dm2301.livefilestore.com/y2p0uWTpdAHOeR5NPDuW3mMeCsLCQRuJLWypZrwKd5athc1wwtH_0C__cEShqDoesXcbgu7qWph6cBjrQEnBQpyzmMhKm5vUB5AdqEar_84iZ4/6tag_091114-140337.jpg?psid=1
HTTP 403	https://4d1hnw.dm2301.livefilestore.com/y2pb5ejHKJwaNL6ppUvn4nQdBeniaG98XnmlSFiQ9DhXXVKcO70dXDXO2XlR2Jad8CBx0Lpn65qbsSmJCOCwTwLZlYrkUXZTsheEo9S6k5egS2ToZfEVQQI5jzi29btrsA5Y-NDRJ-otmdL02wWy67QOQ/food.jpg?psid=1
HTTP 403	https://4d1hnw.dm2301.livefilestore.com/y2p57mFMZ4tZV0npjBOG8L84RTGKiXS8846V9Tw4kllB4BiA2UBXcFtQUI617jv-iEpQtdeyRjwIdxF4Zdqje2ictu86dwdTmGVU0sOZngalr0/6tag_100514-120646.jpg?psid=1
HTTP 403	https://4d1hnw.dm2301.livefilestore.com/y2p_QRQdtOYG8guqqgCBnPvHydIywDrsjCdFvrQZbxI1gVQjlIx5MCUud8AK1MoEtjx5R-Idc4a9nk1facTuxh3LLdDE6KKgHIFK36WuYDa7oI/6tag_091114-134458.jpg?psid=1
HTTP 403	https://4d1hnw.dm2302.livefilestore.com/y2pvrnH-Muweby5-wrewPzvj99WNSOIE_PdOtIcNxsfc3c7LjP0oJO-9JKxHbaHR-PMBjSG8h3TjrUBK8H3vV9w_hfO6AHJhtZ4ie5VLOP-mX0/IMG_3966.JPG?psid=1
HTTP 404	http://static.webshopapp.com/shops/014594/files/013317186/kitsch-kitchen-tafelzeil-flamingo.jpg
HTTP 403	https://4d1hnw.dm2301.livefilestore.com/y2pPCGcBQsA9vtsXjxzaOzr4pHIMrbksDDcLwNd1XyCGx-Y0QuXV1GCNQkOQcE8BpAcwN3KpQn-nCU4PEdM4yGPXqjuqROb4TawR1oQp_KVmdU/6tag_240714-095422.jpg?psid=1
HTTP 403	https://4d1hnw.dm1.livefilestore.com/y2pxG260tVYaKxfAe7tlNqSbtTDaI2Q_UHz7DlxAYUOzVST5pYbDkOmm-ma0mqSrVQreUnMmIJj6usGjs5ic_mFiNSBxQiZM0qQlmVt2xe8cyk/picknick.jpg?psid=1
HTTP 403	https://4d1hnw.dm2301.livefilestore.com/y2pddL-X5WvvDjEsy0e_mGrg8-SmZ2-eiGzF-S3hia6f9lCmBlVk_jmaBQppeQ-zPAhYTG3aMmQu0xUfi5I6h_g9K0l9MM76xA-gPWjLGs0FnIqU8M_1Ccf9JzAiEMEnOWFURXUid-v7LPWWs7VE0_0Jg/fotor_%2830%29%201.jpg?psid=1
HTTP 403	https://4d1hnw.dm2301.livefilestore.com/y2p9JIhKDESOFnczy1D0PKl9eEK0zQDFSJeV_bg2sayHEq3L7l3FDicFeU2oJX0YGHphWoFybA-7kbkBTTKVXKj3iKiHpoOnLl54--vzLczADw/fotor_%287%29.jpg?psid=1
HTTP 403	https://4d1hnw.dm2301.livefilestore.com/y2psIuA8xuKFmJDexFfoFxxCI1M0pfL5iTO1mIhzeBkKP12tXpkiOloplFowDRZ-L2ObkX_NabBnFf5gO-VDFgFHvLt77WMIs-mzO4WhPgMkiY/6tag-30636671-254737743942918448_30636671.jpg?psid=1
HTTP 403	https://4d1hnw.dm1.livefilestore.com/y2pK0b083LE-BWd8WBNWZlzjGflyBIC5rM26M8067ch-O9nBVoAOEjnQ07GvQQHvPvjTRDSDIja6jFY-hY3_GO7gQ_paacvO3xp7fjG_Sb8CmU/WP_20140228_005.jpg?psid=1
HTTP 403	https://4d1hnw.dm1.livefilestore.com/y2p2z3qH9Ga800JlMQKKZYRj_jSQaqJzfO0dQ1XlCUK8_nJPolPhWZP6DiSfq6EvsvSmpgNmEKIPqiiGaIWlFaYRe4jRTg1z6zg1oh8CrRlTPg/fotor_WP_20140603_20_36_59_Pro.jpg?psid=1
HTTP 403	https://4d1hnw.dm2301.livefilestore.com/y2p3_KqYm0XaHn5vDLzk8_hR_EuN9nW_hR5HGjwgJ0ZP5Jj2B12gzIOoUr-IY5vh9_sPP2XTBagGsywrUqoO3syYfiTnN9opni1LIFOtU0VVzc/6tag_270714-192747.jpg?psid=1
HTTP 403	https://4d1hnw.dm2301.livefilestore.com/y2p2PgSprPeZYGvKsv49VexAZ_laffp25gtPl4O5m5dQL_ef1eK4Cgp4dGlB3is3lj8m1_MqsLf2lZGvOHXUeIUCxpYu2HRe2xZcRDTSiEn_UU/6tag_310714-151944.jpg?psid=1
HTTP 403	https://4d1hnw.dm2301.livefilestore.com/y2pQYk9Lpw3dRFA8RsnlHXZYh96zwVkG00Qljfp3TGUhD6u2BqRmvLJmslDGdWTJXj0a8c3NrZCXGveDfy72Tg0E5-b_T4THDaVw4zr54ENcdw/6tag_310714-210312.jpg?psid=1
HTTP 403	https://4d1hnw.dm2301.livefilestore.com/y2pV59bWEwCbQWr4AG-dQ7F06mVBMRJ4shRWxWUHcRuUDaeE65HA48EsaNSfQjxZeH0Y5Ruzbp4-NvARI6Ktvv4UJM6EP0JJVLWd4Msu9bhblI/6tag_070814-150456.jpg?psid=1
HTTP 403	https://scontent-b-cdg.xx.fbcdn.net/hphotos-prn1/76675_488380451061_18656_n.jpg
HTTP 403	https://4d1hnw.dm2302.livefilestore.com/y2p-o0V-C0O8TItddqjqZ7qWkR3FRotJc_Gv9sckox16KpJwYbqSSx-ilGjERMDkMe1ebbF2C4AtsHZ-suvHjC49wPe2uV0tDFbN6pFkrMFiJ8/6tag-383756898-729017052770971292_383756898.jpg?psid=1
HTTP 403	https://4d1hnw.dm2302.livefilestore.com/y2pn76jHr1fMDvE6lM3faFjP6xjUlrhq0HswmBfa96kxvEuAczGd9iE1etlmLgjNmpu3d7y1T3fBxV4kqvoZx4meU69I9S5UOBnb035wdb7oqo/6tag_290414-103228.jpg?psid=1
HTTP 404	http://farm6.static.flickr.com/5245/5310059780_4a5d070900_o.jpg
getaddrinfo ENOTFOUND fbcdn-sphotos-f-a.akamaihd.net	https://fbcdn-sphotos-f-a.akamaihd.net/hphotos-ak-xpf1/t1.0-9/10610846_10152721178711062_3920606586036568276_n.jpg
getaddrinfo ENOTFOUND cache.lego.com	http://cache.lego.com/r/www/r/duplo/-/media/franchises/duplo%202014/products/new%20january%202015/10615_box_image_na.jpg?l.r=2035361886
HTTP 403	https://4d1hnw.dm2301.livefilestore.com/y2pibsXx-oPOv3_nEalfZtRkA1QiF0ywmuiu14tpYu0jO3MgtlG2YeJfMWXB_PL_mi6yDgnA_oHwZ3kfVBWdGNBlki0W99v_fj2sgXsR6hRFZc/fotor_%2816%29%201.jpg?psid=1
HTTP 403	https://4d1hnw.dm2301.livefilestore.com/y2p-8KQbFZxjDv99KIS4dVtH3PbEVE5F3bgTn5rXgBErI3A9-Rcxwa2OHNhdW6bHN_ovlcuDUKLL0vY9HFcY-a1ForOjrz6Mr47K7beXOb3SXU/fotor_%2811%29.jpg?psid=1
HTTP 404	https://4d1hnw-ch3301.files.1drv.com/y2p4oycbx0bS2UOh-JDNxpq4E4lN4HVc4wTa10PY1w4VrJGyKzyAn3A6OC4GtRvDIIKGzGR4UJj4-eSuyro2uoi3m31j3qcbYdK0N-XAz5RKVQ/giveawaywinner.jpg?psid=1
HTTP 404	http://www.hoesjes-outlet.nl/wp-content/uploads/2013/12/iPhone5-5s-Hoesje-Heelal-Melkweg-Design-300x300.jpg
getaddrinfo ENOTFOUND 1.nieuwsbladcdn.be	http://1.nieuwsbladcdn.be/Assets/Images_Upload/2012/07/24/cfbecc92-d58b-11e1-b0ca-c3dbca42470a_original.jpg.h380.jpg
HTTP 403	https://4d1hnw.dm1.livefilestore.com/y2pO34WgDhNIaOeOjZ5wUZTZn74YBidoL0xmYT7i9cp_oogVsICn6pSgDJrFdKJ94K1iSUaFPLNU8NqopzgAwrGWITCrAFXZAFYvQudqIVU0w4/6tag_070614-082942.jpg?psid=1
HTTP 403	https://4d1hnw.dm1.livefilestore.com/y2pUf6JnrYaUbIwIez3jZ9swneaoRzkhBRRvFvDtpXMySS_ayWoQGulj2xNDvGmSjQV8cbi-_q8OASggamd4fPWGiq3H5sLb5ln2q4ysS_WttE/6tag_240514-194146.jpg?psid=1
HTTP 403	https://4d1hnw.dm2302.livefilestore.com/y2pkET1yhrOG6c8l31ox7D6CN9kMzSdX1Sf8xsaGF26Jp4WNL5iEzCo3M4oMvDcFv_ldJCCWVLgC5mMBPHSY7cKUnDtFxvCsMsgDDo9eTJY1UM/6tag_180514-155122.jpg?psid=1
HTTP 403	https://4d1hnw.dm1.livefilestore.com/y2pVRpUU3We9dP3JW-_tQYUpWW_8ql-oGm3iibhaZqWCNODYzCIOJvZA8pYKrjDdA0t2Qbxdbe68I8NRRHJECynB-A8qGpku0x9AlNU8ATuG5Y/fotor_%289%29%201.jpg?psid=1
HTTP 403	https://4d1hnw.dm2303.livefilestore.com/y2pSigCeOInrYRj0RMHqdjvpXkEzoJzbuZaAw17DI5gnB0oNchsmLMaW5GIqcUufvycx4aME_KOqc_tddCkLdzlTbFxZj9g0bjDyy1UYkciCmA/6tag_180514-155736.jpg?psid=1
HTTP 403	https://4d1hnw.dm2304.livefilestore.com/y2pUuoriVjJkCsj0PPPT4aQHnmjHlKzVCtcB-rOkMlbjHoPcUjIqYX6O4GjsaN6LYHMFbH2apxLu9zMQbbg2lTkogB7h7ylEYusKfSw-LLsDTY/6tag_180514-160027.jpg?psid=1
HTTP 403	https://4d1hnw.dm1.livefilestore.com/y2p0jszq8LLgBWx-9d4SwW61jzUumJDvKQaQas2Mrj2ZntyLH-CbAqntJDt02_LywFQOT5jWtA8v7i6oB8HkjgZM9kRHgZlRvoBXSKPHbIsH4Y/6tag_070614-202121.jpg?psid=1
HTTP 403	https://4d1hnw.dm1.livefilestore.com/y2p7R14mZMltGUw95Pg57nn6XXGOFmn3CowojDoLRFy2OQ1nD5VYDvunor7L9dHMGNjuB2TCEiUD3-AlEgOhfxsXe5lSAAaainJVfseyMgY8cM/fotor_%2810%29%201.jpg?psid=1
HTTP 403	https://4d1hnw-ch3301.files.1drv.com/y2pRm7le99kNpY_DY05TCtTRq164ooMbIBTiUCqpMLEtIzu46V_n7URmshRYOpkTlFWE2F1Im_0zCeEwZV0voundOFys1hron7kd3K6mCGLabg/fotor_%2818%29%201.jpg?psid=1
HTTP 403	https://4d1hnw-ch3301.files.1drv.com/y2pMkrqN8EWKw_rS1n4OjS1igIh8iQM8MyicPJ_XIG--HnmIeZ-1nZHiUUbMwlpjNf3zCCdtN1sawBpbn_JSLqITSCenYr3TZ9qtYSIIWxARUE/130582108803320824.jpg?psid=1
Hostname/IP does not match certificate's altnames: Host: api2.swatch.com. is not in the cert's altnames: DNS:firebaseapp.com, DNS:*.firebaseapp.com	http://api2.swatch.com/images/products/GB250/GB250_sr1.jpg
HTTP 403	https://4d1hnw.dm1.livefilestore.com/y2p-dCzWotwOm3cL7KZjF_vrq4zgSHMPZwbns5l5a81SXfuEPY8V087TZ3HsUYpNkOa4RPDE44_JYAnGp-4p6Q9cbKErZIBRzHEs2FYp4cRGGE/6tag_100514-190702.jpg?psid=1
HTTP 403	https://4d1hnw.dm2304.livefilestore.com/y2pw3wImX7n5WL1n3vJFymIRJq6zUJ1etRXlrrMjcdE-EdertkcsHYyMP7_DGQorVSz9r2EWs4IfqqpUCT5Lpwmed80faqpU6i8hWTSE5sNFI8/WP_20140408_19_29_22_Pro.jpg?psid=1
Hostname/IP does not match certificate's altnames: Host: api2.swatch.com. is not in the cert's altnames: DNS:firebaseapp.com, DNS:*.firebaseapp.com	http://api2.swatch.com/images/products/SUOZ119/SUOZ119_sr1.jpg
Hostname/IP does not match certificate's altnames: Host: api2.swatch.com. is not in the cert's altnames: DNS:firebaseapp.com, DNS:*.firebaseapp.com	http://api2.swatch.com/images/products/SVCF4001AG/SVCF4001AG_sr1.jpg
Hostname/IP does not match certificate's altnames: Host: api2.swatch.com. is not in the cert's altnames: DNS:firebaseapp.com, DNS:*.firebaseapp.com	http://api2.swatch.com/images/products/SURW100/SURW100_sr1.jpg
HTTP 403	https://4d1hnw.dm2301.livefilestore.com/y2pp_BjNDzg0KAP8KEWy0eapVP0ofhzqEeF2xIByyqNksXzOYTXoZ_dy2o_STUVqOhLvotoR_pKrMUbGZQ3WjY5upLUZ--Gq0QogglVGcsYk1Q/WP_20140408_19_38_08_Pro.jpg?psid=1
HTTP 403	https://4d1hnw.dm2301.livefilestore.com/y2pD9_eO3Blb8_0YhmzPBPViTh_uSTs3TOhUgW0k9CN7z9X2zMZXqscRHnqH_Ogj_UrTMGqoJh_-0eG3zEKW2swhB8pXCC94KPnb8WcJqu5oZY/6tag_110714-190514.jpg?psid=1
Hostname/IP does not match certificate's altnames: Host: api2.swatch.com. is not in the cert's altnames: DNS:firebaseapp.com, DNS:*.firebaseapp.com	http://api2.swatch.com/images/products/SUOZ114/SUOZ114_sr1.jpg
HTTP 403	https://4d1hnw.dm2302.livefilestore.com/y2pbdNxY7ilfMebjudvxcMuOWPsAg_chF2vgatocci-x3OkcuLMney_ZyREAMi1qBzPvZuvjEovFjbPlyiufWv_0ZLLmwUrPIzW96Em7iDHNTs/fotor_WP_20140405_20_36_16_Pro.jpg?psid=1
HTTP 403	https://4d1hnw.dm1.livefilestore.com/y2p0sY23TO2A8UJzwFQAZ77AsBeGwfiMsBEqjZkEm6pBptJNzPbj2vsUEbA5mCNrhKqQ1RFwcmRbbpdf7WiClnmXJlZL_8Okdf6fFpxutbHeZo/fotor_WP_20140405_20_35_48_Pro.jpg?psid=1
HTTP 403	https://4d1hnw.dm1.livefilestore.com/y2p6XzZvgr4aMzi1l5b12F97gS6hT4GUojh32_sfYmwBurLQN37MCM0khQnL9AFGPpVZmg3m2OVeJj6lJSN-b3AjHr1iKQEeTYrXQMr2gNIKqc/fotor_WP_20140405_20_36_40_Pro.jpg?psid=1
HTTP 403	https://4d1hnw.dm1.livefilestore.com/y2pybBZSz3XKWh4pNIsn5sa5Dz5EEBRgQNoKhj1htDGMHj4MgMg6KkCom-MulRAbW3uhh78gHk-lfAvgALrEIOA6VZWXwIJXP5DQjoZCudvXDA/6tag_140614-212315.jpg?psid=1
HTTP 403	https://scontent.cdninstagram.com/l/t51.2885-15/s640x640/sh0.08/e35/14473969_661665967330618_2619518695772258304_n.jpg?ig_cache_key=MTM1MDA1NDU2OTUwMTIxNDM3Nw%3D%3D.2
HTTP 403	https://4d1hnw.dm1.livefilestore.com/y2pSZLDLNwoDAjcKVSXS4-duJoWMz90bxMRnkTNrun2D5sNNwL3k3ApSxoSbf46tUkgaXn_4LsHxRUuDYghsy87mTjXgVuzTq-PP-boJO_9_Hk/fotor_%2817%29.jpg?psid=1
HTTP 403	https://4d1hnw.dm2301.livefilestore.com/y2p1MEXvMhz7xasmhRDmgGsBAHqEP1B-n4uLBxdhvfbVrMyBvrToRZfJlYiW_RJr9DvKQO_Sv5P3HekaqQ4NeqRTMtsLpBy35nuZhwsYEPXL4o/6tag_270714-192747.jpg?psid=1
HTTP 403	https://4d1hnw.dm2301.livefilestore.com/y2p1f8-13AtbaYobxwpSMzaHdPAdKlgpBjchR7uQksv_u7aP4jHL4HdmUNkEk6KACHIWN7EbR2ij9lR04VLfbcqVBq8LYL_rhw5Cd9GSJeBXNU/Mats_shared.jpg?psid=1
HTTP 403	https://4d1hnw.dm2301.livefilestore.com/y2pwH1oHCW5Gx4P_63x7jf0Gmhjn2sKABzPZFKLD_vneVevpDf3VAa9shT9C7cKAAHTH8YcgagSHeCEyVxJRgUnWd15C3kuMQyjB7WaMMube5k/6tag_170914-153415.jpg?psid=1
HTTP 404	http://vlaamsejeugdraad.be/sites/default/files/styles/ambrassade_project/public/pers/cred_raisa_vandamme_2.jpg?itok=N1NpZqSQ
HTTP 404	http://www.pluizuit.be/130304/circus_1_2_3.jpg
HTTP 403	https://4d1hnw-ch3302.files.1drv.com/y2pLsdSM6Q_L0GUEFh7auL_gk1Js31DuLIurQOWn7R48nyqOJkcBjYxm_TVZ4KoFCWlgt2IJc-3A38_ZvAH9Bt1NE4Hl9Vwhf0xgUHIRvIPWqg/6tag_151014-212814.jpg?psid=1
getaddrinfo EAI_AGAIN static.skynetblogs.be	http://static.skynetblogs.be/media/38807/expo58jacq04a.jpg
HTTP 404	https://4d1hnw.dm2301.livefilestore.com/y2phw3jSl5jX67cHWlUDmow48IZhv5hSUBoEXgRhz2TK-4110iJpL4QYZ0H2D_mvdmiqjZfVNDvv42Ozrxf0w3MqQ02v9v2oE7cKusbrnovpIo/WP_20140131_006.jpg?psid=1
HTTP 403	https://4d1hnw.dm2301.livefilestore.com/y2pMFP1_KAIf_JEIm3lMZvKC-8EM16R5XqTAbzVjp0Q8GoxA8-9LyPmpChsneygG7kBx-7oueHw4ZbIzR2apw6PPfxvZwuwVm0FOYGAd5hg36E/gitteback.jpg?psid=1
HTTP 403	https://4d1hnw.dm2301.livefilestore.com/y2pNFiEsBlAx2kOooETZ5H1t3XvMkVx3McOGO-CklvUJzy4aV32g0F3f5CVSFtDpbQ045ke4-htMHtqIUgfOQ-iN9IEoIZzNDgys5DZdZWzE8g/gittefront.jpg?psid=1
HTTP 403	https://4d1hnw.dm2304.livefilestore.com/y2pTpC3jGE_mtIL7ADJhXdJxFGoFVCwVu_gY5oBO-QDqRPY4eLLPlF1OqsLcc0tY2DYuljyi5cen6SM7Wk4_2kXst2lZiObFh4EEKeBTSkQnII/fotor_%285%29%201.jpg?psid=1
HTTP 403	https://4d1hnw.dm1.livefilestore.com/y2pn4iYpnkBIXNv2hYqDQQr-1Symp7onS2wYxKbOLzcy7MamM9ZaGoF2bWyWcGDsXbfSxyp3X0uVoPyB3E5lPGSGicninYCxjHtnek_yC7E4Ec/fotor_%284%29%201.jpg?psid=1
HTTP 403	https://4d1hnw.dm2303.livefilestore.com/y2p8ZcsRIoJv8TS0MkT8cl33oWGsXpxxczo-t24dwxwBsYJ_R1rLjvDzXYMVr8fOXaClzJ5dBLTSiREw5z9ZrFfjG5uuIYRKQmKsBBwIR8cSzs/6tag_040514-190947.jpg?psid=1
HTTP 403	https://4d1hnw.dm2303.livefilestore.com/y2p0ktEl2hlIOrxpO4qrZQFuW_10kwEp3_ftAlZAzgjltnbdmB9GfGuc6Uh5-SB1Q8l8_dT9q8k72Vfe6gkh8EirZHHFByr9e2DUrdrJUXJ1UA/WP_20140403_18_28_07_Pro.jpg?psid=1
HTTP 403	https://4d1hnw.dm2301.livefilestore.com/y2pl6AssgaBHEbFQKRvIWd7Z5XbBfghC7b7PZqGe6xgOcEyVJejc3UMcVQYqAsL2ouX-JuYC3XaOVv4qjaP7QpBADt-QqZYwWId3tLL6kXztFzKH5fBPX7Ow0G3_ZJAA3LMoMlWBDzrjymtA0bNCiYrpQ/kerst14.jpg?psid=1
HTTP 403	https://4d1hnw.dm1.livefilestore.com/y2pMJbOMzhWkSQxKVEEtJrAsIqUd7YxBimn3xlYZw3EVjDTy-0nWn8MM3XZq4XbGmHKt5Iv-kgNOjI6bfPxQD17jP8TVwn7NgjKuRthKMUDq-A/IMG_9229.jpeg?psid=1
HTTP 403	https://scontent-fra3-1.xx.fbcdn.net/hphotos-xpf1/v/t1.0-9/11949428_618833241553021_1057416159136212296_n.jpg?oh=fe36902aa0a460f383e20f7b924cd314&oe=570CF3A6
HTTP 404	http://static.webshopapp.com/shops/047495/files/030165120/pure-wood-design-esbjerg-oeverhouten-tafel-stalen.jpg
HTTP 404	http://www.willempirquin.be/wp-content/uploads/2013/11/Social_header150dpi-01.png
HTTP 403	https://scontent-fra3-1.xx.fbcdn.net/hphotos-xtp1/v/t1.0-9/12316356_1009887775700886_1703711691111451885_n.jpg?oh=80a34c9d291c58c0fc2b61889a9061f8&oe=56E05C16
HTTP 404	http://www.mullerdiest.be/sites/default/files/muller-diest-logo.png
HTTP 404	https://4d1hnw.dm2301.livefilestore.com/y2pDO2S5YmT3bK8w4JPhqDNKswLROBHR7z23hjSgvQWligdrbD26EbyGmpvc3KrZKTJ2IY1Me9Wr84nHHXcWkgOpdUs8S-0zRiWErfSJ3nqalOl_ru54AiYAkp5yyY2sYn2O73zCJZCKPhCXNbb9oosKxm2CPF-W4IADGn7p7jTado/6tag_060615-212647.jpg?psid=1
HTTP 403	https://4d1hnw.dm2301.livefilestore.com/y2pzL63wcLOZQsLLy0Zw7kEC9qnl_lmFGX_seK1N5dfSxpToAWSJPHhWLpNk_SdCSw_NnHWDc8wJ-jD3kOxvUMq_S5e-SPpnolUU34_1x85DWI/6tag_301114-105553.jpg?psid=1
HTTP 403	https://4d1hnw.dm2301.livefilestore.com/y2pmwa-SUwIY9V72YnxpRojZeHjAk-Es9oKojdSgxAal2FbbCxcCY4dOtoxJ1li6KZLqcgUK2_TOwO35UZNc-rMCKhj1DcF0Eu6SrJJioVgSkQ/6tag_300714-164520.jpg?psid=1
HTTP 404	http://www.studiomomoki.nl/content/slideshow/24/alidesint.jpg
HTTP 404	http://www.centrum-arcanum.com/info/wp-content/uploads/2011/01/teddy1.jpg
HTTP 403	https://4d1hnw.dm2301.livefilestore.com/y2pSqg08kmQC0a6RVzhMyCXgudZ36a3ZGhDdTAbRBOPQbVvOzjIKtJymHw5wEMscDRjIPNFkJTnoN6SA3Tpi6NCCF27_bqciBdRC4Om9yBior4/6tag_280714-183248.jpg?psid=1
HTTP 403	https://4d1hnw.dm2304.livefilestore.com/y2pxgEG5rssRsJ70BMf2dUHlO-jJSYNK8TpiF4NcintEFUYSGxCqDvr3f-xNHfr2uEP5XyiVd0Z9GxFUvWbGqpG-ZcbI5sFmIoX1Nd8tg9LC6w/fotor_%2813%29.jpg?psid=1
HTTP 404	http://www.tuinposter.be/library/original/38397-lammetjes-in-de-weide-met-blauwe-lucht.jpg
HTTP 404	http://www.familiehulp.be/public/images/slideimage34.jpg
HTTP 403	https://4d1hnw.dm2304.livefilestore.com/y2pr899oxHZAmgKVOu7n2HDDl5achgdZurWi7ZyE39uu6U_hMCFNOh-2i359_lwDlW54rIsIsNNgmQV1C5NMGwaeSqJR2j8S6hwb2gLpGULixk/WP_20140315_15_20_10_Pro.jpg?psid=1
HTTP 403	https://4d1hnw.dm2301.livefilestore.com/y2pfTIS_2OlTK1OAoXbdU2BV21kDowAcDUQsJBLMkdSNp8lSUjYggOzBrrKCmTKx6D1Kvc1ZzKfkgUSPFge3nr7JO6Hi40KcFT1pQHVJGTMpzw/fotor_130605338239709102.jpg?psid=1
HTTP 403	https://4d1hnw.dm1.livefilestore.com/y2prlU9r6bbfAwjMGk2XoGShQHapDwV_o77ig0ixuzX47wFcgm33JKRf8OFL6vhVX-t9t09gtscdrMfHUTLusDI7vF5X-dnCFusn_084Dyoslg/6tag_290614-203807.jpg?psid=1
HTTP 403	http://s3.amazonaws.com/static2.postcrossing.com/postcard/medium/73c82e7216807043103ff29845db95a1.jpg
getaddrinfo EAI_AGAIN coloring-book-pages.com	http://coloring-book-pages.com/pea/pn19.gif
Hostname/IP does not match certificate's altnames: Host: yfrog.com. is not in the cert's altnames: DNS:*.imageshack.com, DNS:imageshack.com	https://yfrog.com/h2hujjejj:tw1
Hostname/IP does not match certificate's altnames: Host: yfrog.com. is not in the cert's altnames: DNS:*.imageshack.com, DNS:imageshack.com	https://yfrog.com/h6ftkmrj:tw1
HTTP 404	https://4d1hnw.dm2301.livefilestore.com/y2pPfYBjipA89UjtpYD9In5c481FentY8N0NxCqbXXm5ik1W2jX_Xtnw0JfEkdXCvHRYRF9M2uONkd1hqRkkAeZZm_JHhcJ8OB-wEDbahUVj_0/fotor_%2826%29.jpg?psid=1
HTTP 403	https://4d1hnw.dm2303.livefilestore.com/y2pBB37KW74doC0xaG2xz3Rlr77JdxqTNwVuXIaHK7VD9BrO6hGtwrRkf2ydk_CKFgbFlgrw52E2xUBGvq8uI2e2L34dVha-dOHR_rKO3x92Qs/WP_20140320_18_29_28_Pro.jpg?psid=1
HTTP 403	https://4d1hnw.dm2301.livefilestore.com/y2pjaI00ofGMjjM61BrVM6YaE-PMZiignSf19mBsyVosQkD6v1WYDlf-NoFZq3s4fq_ZKIVkMILvTRqjKix8aDjqmrXGKa8FsgHZJpZB63qKuK8ttclrCEsV6oGUnWRG3CC/6tag_071214-203407.jpg?psid=1
HTTP 403	https://4d1hnw.dm2301.livefilestore.com/y2pkkxD5xy6bzNFl_7Kwoia5CRWtFAknnKzi53KeqxHAYdi26vmPKpS1Pgut9-4Zfk6Lbz2mguvvjDDjL_lbwtDkgEIzxwWVa1JsCAxHE6wO_s/fotor_%2815%29%201.jpg?psid=1
HTTP 404	http://1.bp.blogspot.com/-CixdjbAT7f0/UZJ4Eqsd5BI/AAAAAAAABns/I8d-Z1xXSnE/s1600/fishbowl.jpeg
HTTP 403	https://scontent-a.xx.fbcdn.net/hphotos-xap1/t1.0-9/60041_464365386061_7735208_n.jpg
HTTP 403	https://4d1hnw.dm2301.livefilestore.com/y2pz7oapu8H_aihf3xY6Uwz0zd7Bfs2cTyO8UBWOO_Gtm7XJki81Ao3fZsqQ5xRkiuhb-v6DmSIxDxVSUjpFjv-8SSKqv2Ms46cxSpwtNILOQA/fotor_%2824%29.jpg?psid=1
HTTP 403	https://4d1hnw.dm2301.livefilestore.com/y2pRmHq3saagC_CBAtIoDt1J49YrXPnU-wMsJ0qjUhMS5y5xIFVN4oiPYxCiTch5FcC8aTi8VuzqUGL5V1i2Ojoy7kVFMFZfdRdIwJ60jJh1RU/fotor_WP_20140725_18_26_27_Pro.jpg?psid=1
HTTP 403	https://4d1hnw.dm2301.livefilestore.com/y2p3yjcI0hq1O8DjwdJX8HFPf04I6dVa4L4F6WcBtmOTAKDIETUo_nWeXj4TGhB8uKoTur34MzSRB19oN06i5-EAgnHz4ByuUA6fLVCJRbVAGE/6tag_130914-134906.jpg?psid=1
HTTP 403	https://4d1hnw.dm2303.livefilestore.com/y2pKIydAbogLyVeHeQBpJFCi3phG_57tD0cN3l0hHYzA43xY4bQ5EJmbX-oT9cmZE_JRtn_bxu66gXOWIzH__N_yd3Y94BvUM8xWKOn0ci2GEM/6tag_060214-220616.jpg?psid=1
HTTP 403	https://4d1hnw.dm2301.livefilestore.com/y2pZW770NEIeshy1gPBCosY8PtWRbeq2-zaTZ5Rl4XgH_GuIkvLi4dAbuuq6zn_zUVNM2D_XoUSUygYX1drXOUvKPe1ZFrn2ajdVqHZsFViq5eD00Ow_yKDncCOKgnG9zupMVR_4NR470ZBiOHFyEpJFq4UBKK9_Of-DGgsUk1Rxjc/runningessentials.jpg?psid=1
HTTP 403	https://4d1hnw.dm2301.livefilestore.com/y2pUbOH9VXx--Pa0Qlh6LTlVJ4Cyfxpfe5dh0YVOM4aZalmQnVRNn4ZNv68PUAct-QaeDga0ka6raZfBSlR9ls9PoT6slbKB9c6So4MNI8kr8U/6tag_110814-103336.jpg?psid=1
HTTP 403	https://4d1hnw-ch3301.files.1drv.com/y2pBHjgPVL-gi_SfSAQRaJl7wzPKgZ4K3eAGQPn9F-jTV7KMQItDOBjp_vY8eyHG3MolPq8sOtKMShhrl5UWjElp29mO5HTUDdrUpSJF3OrR3E/living.jpg?psid=1
getaddrinfo ENOTFOUND cache.lego.com	http://cache.lego.com/r/www/r/minifigures/-/media/franchises/minifigures%202014/products/71005%20the%20simpsons/productdetail_360x224_71005_01.png?l.r=-1136089947
HTTP 404	https://4d1hnw.dm2301.livefilestore.com/y2paMKwIHqLUU_ocdlI6FuYiGAMTbqYujZG_8BO5XfttgzgfOk2ZEa26sVhWRs2HZ-eI7DicUxS9LXxXNxhJmpzSM3OprLf1DJUqkLSuLymftiZyppuKRZsKBDzwQ3XNgugPNtFJc4xIfnN-Nlt6zzkSkGCyU4L016fWETZMI_dRBU/6tag_090515-161028.jpg?psid=1
HTTP 403	https://4d1hnw.dm2301.livefilestore.com/y2pvwTsdkhK7L_24kUdjSNjmL-uEhS59SVbv-kpqBgwEN-mp8PXT4iuaRK4SYUBAB_MEEr9oaaPK57_pgo9JbGxDMJEL9lcz0gQ4HCzTpYm-zU/6tag_281014-113538.jpg?psid=1
HTTP 404	https://4d1hnw.dm2301.livefilestore.com/y2pkrvOno6KbdKBQ8rJvIla-JYp1EGjM2BV5s7f-D6Gt7Sw2u9pMPJnmnNXatXROXBzXc2eaSoYS8SUtv9PvGgtw32UjL0Y72egxIV6qejdwvI/6tag-558175258-847648536635117368_558175258.jpg?psid=1
HTTP 403	https://4d1hnw.dm2301.livefilestore.com/y2pyx4DAZm2XCEMZbfhLkTXvh9qIB6WXKviRjnp8wTuK9ErSUr7JHf82bqquC-r2BLrfNRPlHGmJ7blxoIgT-8MVO9Fx6qZsZPSHBtSXMoKheA/6tag_281014-083328.jpg?psid=1
HTTP 403	https://4d1hnw.dm2301.livefilestore.com/y2pWqsJMtBi3K1WRI0cA00AJjN4r9r-R7XawKMMkiepXK_vQ-s8fl7cyZVanDQ2CMpGy-EqGH6CRVYgU9wjLaUNba1LKAs1ssaOQKmR7P4O9xA/6tag_140814-194827.jpg?psid=1
HTTP 403	https://4d1hnw.dm2303.livefilestore.com/y2pjSJPEO_wztPxElcGlFWMbhX-kmnMEoAx1UnX5h32TdQb_otYUvvKypz6cz1U1hJFrgBD8k-QbWEhWcoD4ASGPUsbAENOTT_4fZYW9WNy3SE/duik%20%28c%29%20katrien%20davans.jpg?psid=1
HTTP 403	https://4d1hnw.dm2301.livefilestore.com/y2pRql3Iltx6HXuARddCHrzHZ2wswWe_IMhV5alZr5P-jEuAfuy4wkxVclsp9LEL_HlWRRu08rhRV_NMZscrY1uaD4dHbIBYLRXisMyZyF1F7s/6tag_031014-120949.jpg?psid=1
HTTP 403	https://4d1hnw.dm2301.livefilestore.com/y2phL8Yg2BO4XiCoOdGljOr3DVEt_K0P08yr3VW4anjusrOdXbMnEy9XLpccONwiU0Qm3BAzIBY0MBpKo7okGA_WWYWT8-wMZGhK6tlBensnSQ/fotor_%2818%29.jpg?psid=1
getaddrinfo ENOTFOUND images.tvrage.com	http://images.tvrage.com/shows/29/28304.jpg
getaddrinfo ENOTFOUND i.nokia.com	http://i.nokia.com/r/image/view/-/3218630/extraHighRes/2/-/lumia-1020-1-ces-jpg.jpg
getaddrinfo ENOTFOUND fbcdn-sphotos-d-a.akamaihd.net	https://fbcdn-sphotos-d-a.akamaihd.net/hphotos-ak-ash4/t1.0-9/1236459_10152246005747052_375084388_n.jpg
HTTP 403	https://4d1hnw.dm2301.livefilestore.com/y2pzwzgWh7RU0WVACOQZ5HYpk3Z_0UN3c5qrEAJZnWFC6P6xFOdiCwYK1J8JKMflZHqmI325_J6vFTGWoJROP81iPPdp_iENiT8NqQ70yR8VIQ/parkje.jpg?psid=1
HTTP 403	https://4d1hnw.dm2301.livefilestore.com/y2ph70nmd4BE-nRXzq4DrNiaxtoGZNmc7_AdICIZUEAbQ7ugSZhJD4r1tC8eDhEINxGpGr-L8iN17608Lf7WOSY7Y2AWP8uJsiWj6WhESQMt6A/6tag_030314-195857.jpg?psid=1
HTTP 404	https://4d1hnw.dm1.livefilestore.com/y2pcIvhqlSD6oHAXBnLrJ5NbSCqnbLaGTlHNykUwZhu8UGl7Ja7ofN2Z2LR00aH4UCp6ftSWbA7SwJTlOTsd259H1pEDmZyW-iQpDMD4is6ioE/WP_20140309_11_48_39_Smart.jpg?psid=1
HTTP 403	https://4d1hnw.dm2304.livefilestore.com/y2p7V_6U05fzl4KPJi2UW7zsGCDISzfCTSF-ApIt24FLzroT0mngjU-MFjzgu1JSHTFDsvSJiHtvCY0XMvzqgFxHmGwyat8OIxm3OegVhrGSW4/6tag_030314-174409.jpg?psid=1
getaddrinfo ENOTFOUND fbcdn-sphotos-c-a.akamaihd.net	https://fbcdn-sphotos-c-a.akamaihd.net/hphotos-ak-xfa1/v/t1.0-9/10606037_10152697615771062_6136426819528634313_n.jpg?oh=91bed9de8ac973ae6d6756cad2a47eed&amp;oe=54680AEC&amp;__gda__=1415362561_d7dd69d0228e020e574eb66dffdc08d1
getaddrinfo ENOTFOUND fbcdn-sphotos-c-a.akamaihd.net	https://fbcdn-sphotos-c-a.akamaihd.net/hphotos-ak-xfa1/v/t1.0-9/10606037_10152697615771062_6136426819528634313_n.jpg?oh=91bed9de8ac973ae6d6756cad2a47eed&oe=54680AEC&__gda__=1415362561_d7dd69d0228e020e574eb66dffdc08d1
HTTP 403	https://scontent-b.xx.fbcdn.net/hphotos-xfp1/t1.0-9/10371991_596420180472145_8026697105541696436_n.jpg
getaddrinfo ENOTFOUND fbcdn-sphotos-f-a.akamaihd.net	https://fbcdn-sphotos-f-a.akamaihd.net/hphotos-ak-xpf1/t31.0-8/10296490_10152697618266062_3814802720851775829_o.jpg
HTTP 403	https://scontent-b-ams.xx.fbcdn.net/hphotos-xpf1/t31.0-8/10608696_10152697616286062_607140979059893938_o.jpg
HTTP 404	http://xstrading.nl/picture/head-red.jpg?pictureId=19755197&amp;asGalleryImage=true
HTTP 404	http://xstrading.nl/picture/head-red.jpg?pictureId=19755197&asGalleryImage=true
HTTP 403	https://4d1hnw.dm2304.livefilestore.com/y2pogjhUA4dARsVajj-cjZdsfsPtwRYUKdbL8tsYNcnxqMbdvvwlpSXtiniF4BW4Q1VEgBPiOuHLmc3b4f7EBMWnyFDwT42Vq_Tr0UntyfBZYk/6tag_250514-195711.jpg?psid=1
HTTP 403	https://4d1hnw.dm2302.livefilestore.com/y2p0V1qPXnqUsQsF5oc57PHEDZyCFWmi6Tc-X4iIl-uvqYsfZTf2m3f0V5IeHwK1rTytUXgMfecNSXqZ67yqHIQ-owHss_QJ0tXn7KM8eEVOrI/6tag-30636671-643529003077607707_30636671.jpg?psid=1
getaddrinfo ENOTFOUND www.funkyhead.co.uk	http://www.funkyhead.co.uk/wp-content/uploads/2012/02/Snoopy-51.jpg
HTTP 403	https://4d1hnw.dm2304.livefilestore.com/y2pV-tQAtJA3HpBv6buVkoEAFv_opDLX1sOwEp4GGO5ks9od4a0PdA5ZXwtYI_PIWw-NTl15Z43sk_OiFrhZrBZfMAq085XwgQHrOpKYheKFBE/6tag_270414-162137.jpg?psid=1
HTTP 404	https://encrypted-tbn0.gstatic.com/images?q=tbn:ANd9GcS73mSWfDD05ifp507zG0ac8z8aIGdJOdwLtKm_9nXDHJa-L3-amA
HTTP 404	http://www.tumblr.com/photo/1280/idesofmarge/18909445550/1/tumblr_m0j3g3o3pV1qljiye
HTTP 404	http://www.rockwerchter.be/frontend/files/history/posters/780/rock-werchter-2007.jpg
HTTP 403	https://4d1hnw.dm2303.livefilestore.com/y2pHJu0ksqCltb3vwpqrDBVq87hIrjFL14_tFi2Fn6c9mUdKrtVcevU4K1MCZhvK3cLsso9bbOceIJzI4SMS2RxJUiifYZSY96b9Xn7JsXFqYg/6tag-30636671-702583624873681708_30636671.jpg?psid=1
HTTP 403	https://4d1hnw.dm2301.livefilestore.com/y2pX62a0Xdd8rRNWxuR5kyKvJsB4PTH7oER5VYS1LkZwZKbOP4IQkzlSrwtRfFHTEi68WvDMrHjilfCiK3XDMR4WwZa0HtnBnC5PpqDnBvl3PM/WP_20140413_16_42_14_Pro%20%281%29.jpg?psid=1
HTTP 403	https://4d1hnw.dm2302.livefilestore.com/y2pXua1qRMznUzjXe_AqDBE8p7X8uRXlMFyFoSJAwte5yMIsFRTzTP5yXUSPtXgRSF_8ABHJ_09ZcujeZURWrtNdVjByinp6EWfRRRN_MmoUX8/6tag_200414-114705.jpg?psid=1
HTTP 403	https://4d1hnw.dm2304.livefilestore.com/y2pR2A86jOc5hqFUjOSslHm6UIVqM_cqF2OXfxCvMCU6CQ_xK8agCeDyrmwf2P4oyxlJPaF8Mhj6QZcOSFVcOIq11818qqzetSlnS777eKUxdM/6tag_270414-184304.jpg?psid=1
getaddrinfo ENOTFOUND news.radio.com	http://cbsradionews.files.wordpress.com/2014/04/orange_is_the_new_black.jpg&amp;h=349&amp;crop=1
HTTP 403	https://4d1hnw.dm2301.livefilestore.com/y2p1qOKpdFndM1qrVgoTVCcNQZ2RVxQKUGHM2zQt0_WQzssgM6OYTEmJHBHKi-euiZTsDUii4mcgwBLjKlkMejSXjaJG7rS63gEcWyK5iEV0zQ/WP_20140420_11_19_27_Pro.jpg?psid=1
getaddrinfo ENOTFOUND news.radio.com	http://cbsradionews.files.wordpress.com/2014/04/orange_is_the_new_black.jpg?w=620&h=349&crop=1
HTTP 403	https://4d1hnw.dm2304.livefilestore.com/y2pdwffT7217hiCMbhAxVLxd8zgXU0NNbr6AKTeiAWOzphb7KRHSYaoRB7zvat7n8TAwTcCv6HPA4TdgDwHXFLyR4aEdh7VML1BHPS2c-QgPAs/6tag_200414-120603.jpg?psid=1
getaddrinfo ENOTFOUND www.papiermier.be	http://www.papiermier.be/skylimit/uploads/zoom_53fb85b46db86_1-silver-lining2.jpg
getaddrinfo ENOTFOUND www.papiermier.be	http://www.papiermier.be/skylimit/uploads/normal_53f26c018f859_luchtballon-def.jpg
getaddrinfo ENOTFOUND www.papiermier.be	http://www.papiermier.be/skylimit/uploads/normal_53f26b3c04e5b_happy-cloud.jpg
HTTP 403	https://4d1hnw.dm2301.livefilestore.com/y2pxfhc3kUZNe5iyiUN9QcqYzrGab0JyhO6o41ytozLsd-kGjhDkDgfRtx6NFVmiiFkf37BLSpIR4o1wxhiZG8FymOl3Qyu-JzalkYg_SPdi0A/fotor_%2813%29%201.jpg?psid=1
HTTP 403	https://4d1hnw.dm2301.livefilestore.com/y2phxTFSe8jGOVta1nzK3-Iwc0uDfedm5Xb-7tXmEf3LCo3wJT3l3FraXYM2dB44CZCHrerJNUXDMgGEX6SwfDYygTB5LJXBTh_8g2XkSIeNFk/6tag_190714-210712.jpg?psid=1
getaddrinfo EAI_AGAIN data3.whicdn.com	http://data3.whicdn.com/images/109477461/large.jpg
HTTP 403	https://4d1hnw.dm2302.livefilestore.com/y2pSq8oljprxZul4n_qrs-r0XvyhPlJt3mbUHX0A7DIcjukT8HfxknhrAqH96a8wfLEuo3n6bL3OEK-ripbPfNHQsjspxydIIyIXx_VaeolfIw/WP_20140213_004.jpg?psid=1
HTTP 404	http://www.desoete.be/images/assortiment/hardePistolet.jpg
getaddrinfo ENOTFOUND www.kleinezebra.com	http://www.kleinezebra.com/img_dyn/product/3573/prodvar_3573_1.jpg
HTTP 403	https://4d1hnw.dm2301.livefilestore.com/y2pTIqVlALvdeqNxu-bWEi7TJkhrpmR1sFFJSCS2ZdlKotLhFZBQvmH2bHMHEQOscVFiTcKApAItmEQxWPFAoSogfrtfnvKI4yT5wDjFVA2CmA/IMG_3857.JPG?psid=1
HTTP 403	https://4d1hnw.dm2301.livefilestore.com/y2ptjMoLpbbECy6HkHCE5SPHzwZOefCs-NrCJHHOCfqCK4bkCcWY8r5OBzqR_9I0uecF-PLd0WTDa0U1KKkkDzIeVfNd8nscYVBhCcI7s6oP3Q/fotor_%2821%29.jpg?psid=1
HTTP 403	https://4d1hnw.dm2303.livefilestore.com/y2pSWYdf0dTCGLHaXkD5Dz8TZL7-iI6wrtR47mPK0FA-HMn50gK0OVRtCeCbjhvyfld4Pl6pdwP8xYXgPKmWxZohdbYcRFRd1Wjto7GQ9ZO0ps/WP_20140419_20_57_21_Pro.jpg?psid=1
HTTP 403	https://4d1hnw.dm1.livefilestore.com/y2pRw0c3sGDhy_zJLSAegKTALMRIQcGkUV6FwV-h2VYpNqZNrCdx6pBniGOG9WKDocBDPcYhh1GCcR41uIjOSPiCfp3IJfTOlm4Ycwkj1cQnAg/IMG_3837.JPG?psid=1
HTTP 403	http://www.natuurpunt.be/sites/default/files/images/inline/banner_1000x300_petitie_3-2015-natuurpunt.jpg
HTTP 403	https://4d1hnw.dm2301.livefilestore.com/y2pwCcml4MBhl3lKscjCXesfSouQboiyvckf_9B6_5BbjMtNUkXdhqQwBhAROWfBtW9U46GJzK_5oQF0av6sxYQY6PrQmAAoLaDNmSEjZ4_DU0/6tag_211114-182846.jpg?psid=1
HTTP 403	https://4d1hnw.dm2303.livefilestore.com/y2pvqx2kqfxecsU_hk-xO40B_UgYnyxsNTG_WuY_uTITHTNO3T58R4PQoRoxlcxN0YLx1S_KwIXQ-Bdtj1bVM9xBDlH3BPGswvbgqSbgAEBmFw/6tag-30636671-670214727763894700_30636671.jpg?psid=1
HTTP 403	https://4d1hnw.dm2301.livefilestore.com/y2pZB-7ochw4nQordwOV46cZJnjgAMpOPjjr55lZKeYWfE-VsYmRJd82XJw2CwfPoBNoxcwKDMkfCu3K6-R48wd1pC8Abm0dYPNY63Y1lbWoIE/6tag_030914-150630.jpg?psid=1
HTTP 403	http://c2.plzcdn.com/ZillaIMG/29ac08d52319ba43377c3cc0386a20a1.jpg
HTTP 403	https://4d1hnw.dm2301.livefilestore.com/y2pwLVeVIXsFNZ8aHkATkqzkwkRHrzdpZhMW5pH8mWdIEomVaC0AIzaVJR-w1rPdF1SJMldWcmi1V-Nz5FtZPu8g5LDNDSRUTxHlB6i3LTBkIhU2V3LaOVmHBva00EVJ3L9wOins7GtiDvevI5Mi44tgQ/fotor_%202.jpg?psid=1
HTTP 403	https://4d1hnw.dm2301.livefilestore.com/y2pVFRWj5dDaVT2bCwiEAKd_vcFKjhNBb3Qc98LXQN_wGdEFj2Fy_sEgtP0YXri83w-1QTTGbWPrr9GjG8skXR-8aFCfiMNmLfj9f87-tL66choJvXiR16m8z03J2rsHDmoF8cyctaonFyWJrqvyesNKg/6tag_231214-142541.jpg?psid=1
HTTP 403	https://4d1hnw.dm1.livefilestore.com/y2pW5CH895mYW2rJpomltn4YNOGzAgrPVsQnAWoszdTo7pWiZ4lIz4S9V4ql8VkNLxn5WSJfDwDwRIvXJYlS9cZHPMnzyBPVDo1ns6GwNoKisw/WP_20140606_001.jpg?psid=1
HTTP 403	https://4d1hnw.dm2302.livefilestore.com/y2p0he1LRW5Z7eBIIJNyeUKAyMGmuAv8yBf444VxWw8QdaqB1nFwEKoBDr-bh01ZoWbNs-McPutSpbkbxF1Hmi6KxrGjyQH6-T-n4MBcj6MdyQ/6tag_200514-113917.jpg?psid=1
HTTP 403	https://4d1hnw.dm2302.livefilestore.com/y2pV-tQAtJA3HpBv6buVkoEAFv_opDLX1sOwEp4GGO5ks9od4a0PdA5ZXwtYI_PIWw-NTl15Z43sk_OiFrhZrBZfMAq085XwgQHrOpKYheKFBE/6tag_270414-162137.jpg?psid=1
getaddrinfo ENOTFOUND i39.tinypic.com	http://i39.tinypic.com/dzi6f5.jpg
getaddrinfo ENOTFOUND i39.tinypic.com	http://i39.tinypic.com/2ajqrfq.jpg
HTTP 403	https://4d1hnw.dm2301.livefilestore.com/y2p1-_Jon4lGJ7B5pdQosRKDoZaMI5-rSQ9eBA6L3ncbpsy4rlMHNtNEBlzlAdGbLel2_ultHN27ZeiMjA3JR8M_UaFMC6DgttWVXI3gHAp77aKmCcdmAbz1DKP85wB8ndBxhSpykxhBWh5_DnQQn8LBA/WP_20141223_12_14_21_Pro.jpg?psid=1
HTTP 403	https://scontent-b-ams.xx.fbcdn.net/hphotos-xap1/v/t1.0-9/1910377_7956306061_2650_n.jpg?oh=4d5f970ea7cb5ae34f052c7f05f61092&amp;oe=5501DF45
HTTP 403	https://scontent-b-ams.xx.fbcdn.net/hphotos-xap1/v/t1.0-9/1910377_7956306061_2650_n.jpg?oh=4d5f970ea7cb5ae34f052c7f05f61092&oe=5501DF45
HTTP 403	http://tessvdm.files.wordpress.com/2010/09/tess-secret-santa.jpg?w=460&h=345
HTTP 403	http://tessvdm.files.wordpress.com/2010/09/tess-secret-santa.jpg&amp;h=345
getaddrinfo ENOTFOUND fbcdn-sphotos-d-a.akamaihd.net	https://fbcdn-sphotos-d-a.akamaihd.net/hphotos-ak-prn2/t1.0-9/307896_10150442469866062_1821603476_n.jpg
HTTP 403	https://4d1hnw.dm2301.livefilestore.com/y2pQpS1j9YsGimml6_oPGpvRXnFr5XzWODmODUGCs8HbEKCb0Sh0kseCSad8L5MnxxvHtTWIHMvGOyxU1tesxtC0vJOKV6F4Gsv-eMYfox6H3Monn0w2-AtZWZoXN33uV54/130623707132073307.jpg?psid=1
HTTP 403	https://4d1hnw.dm2301.livefilestore.com/y2p8Uqr6lYpvym1I6o5IfKZVELlHPWezyRyAJVb5mB9U631ufYeFWpxOh6XusVweGGm0sjKqz2U7sd_qrbq5vTMGp-2R8knQeUqHMdUxtzlSIFCElNix_V5WJAb2_yOo1yb76hfemBQ4GJHXT_4UqDm3Q/6tag_030215-205525.jpg?psid=1
HTTP 403	https://4d1hnw.dm2301.livefilestore.com/y2pyZWYVOUjLplzFuWtIl-XjzDLBkHiM8ukMUio0Ro8hXSTEktL8f9Y6ca1OLIgALzh5BZGbpG-AxivLe-O3OG6gpVNFiecra7FmJZlCUigtbo/fotor_%2822%29.jpg?psid=1
HTTP 403	https://4d1hnw.dm2304.livefilestore.com/y2pC-J0ph-6ge_4qg-wG8I-AxL9aPwYaBsy4kjmqTrD4XDKKWktaulpMPeqEgu42xAfL52EQiowWopjnK8gum4FjWAdqzAhFpjg0uRlFkZ-FAY/fotor_WP_20140523_17_10_44_Pro.jpg?psid=1
getaddrinfo ENOTFOUND www.mamaenzo.be	http://www.mamaenzo.be/images/artikelen/995e7bfb1e9a562d246b7795b9b2bb39_foto.jpg
HTTP 403	https://4d1hnw.dm2302.livefilestore.com/y2pQwvMSzcXS6tFjsSASKQVj8uROcSQMFrDUeSht4iJgYbaru2J0U1-oOskA0MwmqvKXKvNi3r698oNw8qLZOQANhFcxczfMfZANLH-agbaNOc/130438313939354405.jpg?psid=1
HTTP 403	https://4d1hnw.dm2304.livefilestore.com/y2p4hPhatYvo-RYaLqfW8HRFuBBZ7MTpZJydg3v-h3lQFJP1LhWDK2QO2BhcWurtusMmx7a0JVIc3KTcF2Xm6S8LEux_5lwI45dqTEd-zLPJd8/WP_20140506_08_26_32_Panorama.jpg?psid=1
HTTP 403	https://4d1hnw-ch3302.files.1drv.com/y2pv_S43zAIXjuhXyVImFVQlmedHw0h9mcpv8aZUqmCItEZAAeeouQqyYVidK8ot4DyhatLLFvDSTLIRB7d2l-NEj1ATStOza2A29ym9RwkihE/6tag_221014-134749.jpg?psid=1
HTTP 403	https://scontent-bru2-1.xx.fbcdn.net/hphotos-xfp1/v/t1.0-9/1934591_122223706061_7180127_n.jpg?oh=807e3d95bdc3b23c83b885854e7ebf7c&oe=5620EDFA
HTTP 403	https://scontent-bru2-1.xx.fbcdn.net/hphotos-xfp1/v/t1.0-9/1934591_122223706061_7180127_n.jpg?oh=807e3d95bdc3b23c83b885854e7ebf7c&amp;oe=5620EDFA
HTTP 403	https://4d1hnw-ch3301.files.1drv.com/y2pW7UDyUisEMcKPr96G2E4DP7Zosh1zFn-NOsSxPEw0HttNdcaga8XBEp4Zn20TkPIVk_UfEP784QGlCvdaQuXCE18ZtSURkrm8iYyTg6sE1c/fotor_%2821%29%201.jpg?psid=1
HTTP 403	https://4d1hnw-ch3302.files.1drv.com/y2pg-fl9YE9ghH5lH8Mwfi6JjxxTP_NiGGzzigx52UMODaafi-0XikUiG9mNrwlX92bI-E-modL7OMzcv_GGjum_EHWSTl9mUqI2Dm_F4EmLYI/family.jpg?psid=1
getaddrinfo ENOTFOUND d4z6dx8qrln4r.cloudfront.net	https://d4z6dx8qrln4r.cloudfront.net/image-54ee27d9b8eee-default.jpeg
HTTP 403	https://4d1hnw.dm2301.livefilestore.com/y2p2H2RrCxHsGMr5n3sHLx1Hck6_Akhz5fVEtoICSIwYAgfRrGzV9rvatgpEkOasNOWeX-DOah4fH91cMyjOjxwxbM54YdLD9rGy_JrHdtSOmQ/stoofvlees.jpg?psid=1
HTTP 403	https://4d1hnw.dm2301.livefilestore.com/y2pTN_JRKR4Z55oeQDzP_2f1TRj9v0w3CjnTbd2BGChtb-X3d8aBcLfzs_f90X1m-vQrqnp82egmytL44MRTvusiDt4F2WPqvmqPpdA99JOWgo/fotor_WP_20140721_20_40_35_Pro.jpg?psid=1
HTTP 403	https://4d1hnw.dm2301.livefilestore.com/y2pkC1dajGjRI2iEyk88gimLoZGdD6gddQQzDQgLvG7HpOURE_BzBsKXGVSNQITmeyMlFU-VN4nGp1FFUo6TN_0hoT3J6HLHQXOdV3PA0QK-ao/130508753225256043.jpg?psid=1
HTTP 403	https://4d1hnw.dm1.livefilestore.com/y2pqnMtfTLqccez6MpvzAR75CcsL6jAsXMibWMFzhJ0s4uSk6cOwFAZocCCLngBFKka9MVCtUqUAMZBF1ZBpRJ45VX3Jd2YhGVH3FNEk0UAEyc/WP_20140611_21_36_41_Pro.jpg?psid=1
HTTP 403	https://4d1hnw.dm1.livefilestore.com/y2py0nnw-YQUL68MaO2Z_oaHIjOH11EqbyznizYBg8fvZxrfmJca-B9JdTu51dKPE66WooijpC5OXPRuTJ8fQcdzGvLjDzzEuDCpALxkbdUvXA/WP_20140612_20_49_11_Pro.jpg?psid=1
HTTP 403	https://4d1hnw.dm1.livefilestore.com/y2pvdOrhsDP8bKWfuYskcrIDKjy-xJ8Gu8VCxqJy27PeUOmbgbpFzzlLrdJNROaP7I_6C2SZ8632k_bnvfsERvIcYyn4wV-jm4s79gZ0zQNytg/twittertips.jpg?psid=1
HTTP 403	https://4d1hnw.dm2301.livefilestore.com/y2ppezwTefCNmifmCImtmKigtkrct3aVTn_wVoa0CDuyY-sOdjmjwhK7YixFE8S16VR_2_QDnH4BswweN_4w1Z3oN2aXrX6LM8QXdYCpncIo88/fotor_WP_20140721_20_40_57_Pro.jpg?psid=1
getaddrinfo ENOTFOUND fbcdn-sphotos-b-a.akamaihd.net	https://fbcdn-sphotos-b-a.akamaihd.net/hphotos-ak-xpf1/t1.0-9/1457765_323987127760026_5991516024137028135_n.jpg
HTTP 403	https://4d1hnw.dm1.livefilestore.com/y2p_xIojMw-Cc7yhKhhQZvezROlniYGcsGCzPdew4eNKB9kdf0Zv4Gdo07euUIv7V9Lyfw8CrP_LmjcezMSbzov0OycyIlVJAc5L_emyyBx7Xo/fotor_%2815%29.jpg?psid=1
HTTP 403	https://4d1hnw.dm1.livefilestore.com/y2pedY9MiaRJzWmPypC7knhW55Xp1Zo4OprZWT4Y9ctL-U-l7Dat_l0wGTtnIST5mkgScYAcIjHgqlIp2fhkMZTF2u736KdaJOfXkyd-kQtI5k/6tag_220614-102439.jpg?psid=1
HTTP 404	http://www.activityvillage.co.uk/sites/default/files/images/learn_to_draw_a_kangaroo_460_0.jpg
HTTP 403	https://4d1hnw.dm2301.livefilestore.com/y2pP9rbKbcbkIwhVs-U1aKfoFzlCbaZZnXtY9L9OPibchlIZsuPAnbrjQ8att-Fdpa2astqS4KCWNGLFYbOF9SSuJotCEGCUZVyG6-sHYl3b7E/6tag-30636671-699341772259205803_30636671.jpg?psid=1
HTTP 403	https://4d1hnw.dm1.livefilestore.com/y2p9xMZGdMB-UhiTqpdqXKducV92rJtO9EQ-Kw9KF4ksSFjlW0sZvKH0n7AmsuRcQRbwx98ppOoLzo03uWX_t8m3RE4iyxep_e4IPZqE5AvaqY/6tag-383756898-699121796667780196_383756898.jpg?psid=1
HTTP 403	https://4d1hnw-ch3301.files.1drv.com/y2pwH8TuEGik149H32GIe6OCplp2NlXGiscws9SZpSrmZtRVzhrrTImST-pNpIlWWua-Ak_3td7JlBXYaBDUDfb8_tlR7egZL22ksIKZcx5p1E/profiel.jpg?psid=1
HTTP 404	https://4d1hnw.dm2302.livefilestore.com/y2pE6B5h6xlHWxJeEkYEmHCireXR_Qtc-F3vfA_OsMQKICeY0Gx75OdISVW9ZwJ5px81gPS6t4NJS12GwZic7J536M66c_Kv9gyCDqYasJFZ9s/130419662124769885.jpg?psid=1
HTTP 403	https://eebs3g.dm2301.livefilestore.com/y2pq4-HkR3Oseb66iY4kIa5ok6N3HragKoedn0DFtgRTzqhCyr3PLKtb-Rtnb4OaCHYjG3Cx9aDqDoYbeZ3g_BVkRMUjYvLoLE4h1ZHh7yKxR0/6tag_300814-100240.jpg?psid=1
HTTP 404	http://www.microsoft.com/nl-be/msdn/applause/img/apps/Track.png
HTTP 403	https://scontent-b-lhr.xx.fbcdn.net/hphotos-ash3/t1/227047_10150236414786062_7909715_n.jpg
HTTP 530	http://media.lekkervanbijons.be/uploads/4/recept_detail/4242/Tomatensoep+met+balletjes.jpg
HTTP 403	https://4d1hnw.dm2301.livefilestore.com/y2pwormPs9r83PM_rBH-Ws0SwcAN34PVNHIaAjF3_xuXM7BnOHjUQfY5lW0Im-aBEfJYOH8-ShYY-L-lUJx8HcAqayK2QNc_UOWPh4cUsk3pSw/6tag_160714-085036.jpg?psid=1
HTTP 403	https://4d1hnw.dm2301.livefilestore.com/y2pxlqqSujYv6QQ9m5RjdTYHOziW28C3v8jv1d80zlbs4VKiXUlGxPLkhJDh-Kv3KXJT-847jbGQ6Akrncg4Ypbi78Ph7gvBN4l0273ZO8xtEk/fotor_WP_20140716_004.jpg?psid=1
HTTP 403	https://4d1hnw.dm2301.livefilestore.com/y2pKHEhXwIDpqhwrZx74mC2XdRE6_6iPfk6UN24KkUgzb-k_M6E_xg7MPTxSJ_gZlAIfvfasGddH7Bmyc6IRYySvRYck4WAyvMgSkjpEc3Y_RM/6tag_160714-123025.jpg?psid=1
HTTP 403	https://4d1hnw.dm2301.livefilestore.com/y2pnoX3jGXBywJM9x2ZRKn2ApHzhhPe2084Xr1pyRUXhJB3rpqhZEbJogz1IG1fns9oIK4snkxexfUYIKev7i7S5qVCMQ09C8CtI3hDvX1yw4w/fotor_WP_20140716_004%281%29.jpg?psid=1
HTTP 403	https://4d1hnw.dm2301.livefilestore.com/y2pAPgNzOvh_iPXS3WG-ZLtuRbLztuIrfOomrRzsUHmz1KQj2HpXaPhmzQumzHXHgeQYY0BONsYMGSDhM3laUHjDZs_O7ztWwMIfqmfW9qHmfQ/6tag_090914-093002.jpg?psid=1
HTTP 403	https://4d1hnw.dm2303.livefilestore.com/y2p8Po9t1dX27Ly5Nbd2sxDV5Qv2RIgHHk8eeg669P6eVdzK90EsA_EJcTBS9qgOvX9K5xllWKIw-U6R38-LjMtZ0IkNvuexY5WIDfqGROBINw/WP_20140302_20_30_47_Pro.jpg?psid=1
HTTP 403	https://4d1hnw.dm2301.livefilestore.com/y2p8566K3tXo_DGZ7__LJVw-Ijlhyg3szqP-D2Cy28FAO34dDao8DWG05GnVMKOOSrATuL_7_d3HXnbT7gUVO30I7p8PhHLdgbuwCboiO_cooA/6tag_011214-160506.jpg?psid=1
getaddrinfo ENOTFOUND www.urbancrafts.be	http://www.urbancrafts.be/includes/thumbnail.php?src=/library/photos/368_ttgk4.jpg&amp;w=111&amp;h=111&amp;whitespace=ffffff&amp;ext=jpg
getaddrinfo ENOTFOUND www.urbancrafts.be	http://www.urbancrafts.be/includes/thumbnail.php?src=/library/photos/368_ttgk4.jpg&w=111&h=111&whitespace=ffffff&ext=jpg
getaddrinfo ENOTFOUND www.urbancrafts.be	http://www.urbancrafts.be/includes/thumbnail.php?src=/library/photos/337_jan_joris.jpg&w=111&h=111&whitespace=ffffff&ext=jpg
HTTP 403	https://4d1hnw.dm2301.livefilestore.com/y2pbnjzLtULkbXVVPVUoeTa5lpOXYc_8N5sXRm_X4f2w6ndSnGxhnrlUnuDrC1QfYGKr8d0A-LdZUTmWI-i1Jmk35BfZtuvHMKXa2NQcG5AWtY/fotor_%2820%29.jpg?psid=1
HTTP 403	https://4d1hnw.dm2301.livefilestore.com/y2pjD1sWpME0t2L4bQKDRZUjNYCv8yYImqwvrxhu1EbPiaT1aa22CYOHLh0bCSY45FMyuLgr6gzFAe9lViX8zzyS-9q7zbEq7xTcl5fIrNnXiU/6tag_131114-122526.jpg?psid=1
HTTP 403	https://4d1hnw.dm2301.livefilestore.com/y2pp37qPuODQc3_A5ha23BxS-pHwQ1qW52teYa-rOhsbPO0ejdoGnK8T3edh0G6h4zQOyiCAMrO28-Fq2MuONaWtsjYvFMz-aP58-rTQCPBScs/fotor_%2810%29.jpg?psid=1
HTTP 403	https://4d1hnw.dm2301.livefilestore.com/y2pa1uYo_lWjvicv3nlgm-Nw_9Aa6Ak6pemK10MvukkQDrmHMzZOocz8LSTc8WoGlrSuZTRvbiSE7Pooego_MDQj-w9FzqtlPMqCqfQ5TTvxp4QxOLytfvBaNaukarEGSaUMn191IZ5G9qf9jIwqd4KEQ/WP_20141226_13_00_25_Pro.jpg?psid=1
HTTP 404	https://www.gsmpunt.nl/uploads/product/bluetooth-speakers/360x432/nude-audio-move-s-bluetooth-speaker-mint_1.jpg
HTTP 403	https://4d1hnw.dm2301.livefilestore.com/y2pU9_UnrLRp7i7I-0bsa3brHE5sDtTvpnjxcteoIcBBvJUHGOU1TtcytYgNYqDI_kBdr007M-kB7HH2lGmm1QrarySOVVw8WCDHeEC9V09acmayvBtMIMJGP8t5MP4TFj-coSZMTWchNWgHCTIsLk0YA/6tag_141214-141310.jpg?psid=1
HTTP 403	https://4d1hnw.dm2302.livefilestore.com/y2piCpXM9wbGYgG3ttYzNVasS-OTiusr2AlWLSreqGMqzRTvSa2_lZIODuCy3o8sELony4rK3JRwR-JyqdIPCssURmWtHTkEBRbBi55KpvCL1s/6tag_240414-190020.jpg?psid=1
HTTP 403	https://4d1hnw.dm2304.livefilestore.com/y2p2Bqe3hWRH3SntXg-b55N8np5vYmw40zWmOc43wN-I7ZVXsTi7fWwJQ5gkGluD4zPQONHXt7eNLWkBuVN2OKw07G6CpL16zpUvuIZ27WUXZI/6tag_010514-200408.jpg?psid=1
HTTP 404	https://encrypted-tbn2.gstatic.com/images?q=tbn:ANd9GcTWTzSMI-uSl871G15lKOFOdd-t2TbgAj2COLssA7lnkiHrXKsU
HTTP 404	http://www.fendrihan.com/images/OMG6150Y_Omega_wood_shaving_brush.jpg
HTTP 410	https://spotifypresscom.files.wordpress.com/2015/01/spotify_logo_rgb_green.png?w=640&h=192
HTTP 404	http://www.galloromeinsmuseum.be/images/layout/hoofding_nl_copy_1.jpg
HTTP 404	http://www.manandshaving.nl/pictures/1/300x450/Merkur_DE_scheermes_vintage_olijfhout_6x9.jpg
HTTP 404	http://www.lannoo.be/sites/default/files/generated/images/book/cover/9789401421812.jpg
HTTP 403	https://4d1hnw.dm1.livefilestore.com/y2pbvWscRo9Tqb6FBYlHxGeHVUVCGlsIMg0mc6D81RirQQNUfO2Bx_p_hZ8Y-X99srGBK6YJiCuLl3Oq1kFwIa5Nb4C3JKhC_GIsnqsClmOv98/WP_20140609_15_54_02_Pro.jpg?psid=1
HTTP 403	https://4d1hnw.dm2301.livefilestore.com/y2p6Dxh-30GQvq4YN1W_rjXi5OcY7SiMwG5FUuoOh5hDDoZo8u0MiZbfy-AEHbsluKl-IFU-RRL7lqRNUxeA8S-d5A9MRPILbAvuBwegtzQMB0/6tag_011114-174742.jpg?psid=1
HTTP 403	https://4d1hnw.dm1.livefilestore.com/y2prP-itXhHToVySo35Y6zDjbgGg3we2Jad2blQIV-gqmTYTt_vlugUcu2dhnn9OtJlRvjqZifuO1vryvigyS3Rb4N_6oZ-q0ynwCrSYMbeJT8/6tag_090614-163945.jpg?psid=1
HTTP 403	https://4d1hnw.dm2302.livefilestore.com/y2pbO6Wg0Dx_SDc1KliW5aN4wx6lgAYZ58g3fRKUcNhq1krG6YPuXe6HytL0VwXEaZYhR8ie_x0zyN_In1nkt1FVZm9-bTBajs2t1Y9gXNdkAQ/6tag_010514-173305.jpg?psid=1
HTTP 403	https://fzmvyg.dm2302.livefilestore.com/y2pbTDHyXIdFtgEiaqH9s8sZjWpDl4Bwc5UAhoAyeRD2fJ0bwu8CraC80ZtX6bySGhn89SseRkiVlSTSmzv8475AGD0TNryAh47duHvv1henTc/kaart.jpg?psid=1
HTTP 403	https://4d1hnw.dm2301.livefilestore.com/y2pBb0nOZ4YhvRsBvHBnjxVsFs2WoSqAapIQnqdBJoIEOWMffJa-nh8GS9PRDwdFie8-j1i-JA_85P7c9SAGZJmP_6l2NCzD1DJ4GsdNP6OqZQ/fotor_%2817%29%201.jpg?psid=1
HTTP 404	http://www.weekvanhetbos.be/handlers/download.ashx?filename=downloadmateriaal%2fp2399-week-van-het-bos-2014-grote-oorlog-affiche-a3-14-hr.jpg
getaddrinfo ENOTFOUND fbcdn-sphotos-f-a.akamaihd.net	https://fbcdn-sphotos-f-a.akamaihd.net/hphotos-ak-xap1/v/t1.0-9/10805659_10152957210161062_9165930350023173244_n.jpg?oh=fe9009e2d91d726dc8983889318fe4a9&amp;oe=54FCC007&amp;__gda__=1426838866_1b51ce9753871d37445f57e86b2afcce
getaddrinfo ENOTFOUND fbcdn-sphotos-f-a.akamaihd.net	https://fbcdn-sphotos-f-a.akamaihd.net/hphotos-ak-xap1/v/t1.0-9/10805659_10152957210161062_9165930350023173244_n.jpg?oh=fe9009e2d91d726dc8983889318fe4a9&oe=54FCC007&__gda__=1426838866_1b51ce9753871d37445f57e86b2afcce
HTTP 403	https://4d1hnw.dm2301.livefilestore.com/y2psMkOspX3sggIDSDuz9VG_n4hr9Wntt3JnnAiTM84-OGvNpFaUSsNBVCrCeyUg4tE2qsaxcua_NO1spfBo47-nykDzSAl2gtqs_eOuo50d2lOqt62rDQbQwcjCk44kXa5GtXQe9ZczcSDqf44o383Fw/6tag_211214-131102.jpg?psid=1
HTTP 403	https://scontent-a.xx.fbcdn.net/hphotos-frc3/t1.0-9/555468_10150680535487052_709006425_n.jpg
Timeout	http://fotoweb.veritas.be/465D/465D42000002164-001.jpg
Timeout	http://fotoweb.veritas.be/4564/456442000002161-001.jpg
HTTP 403	https://4d1hnw.dm2301.livefilestore.com/y2pb7AvPtLPEcmd8QDUEeRCKCXRTcx_NGcfJREEbIbl78L6vN8oAzZKiaOWjnGYsRaQ6OXDXt0MyWoPSEY_u8JEBr23AeDipd6IWBujXr13hgs/WP_20140316_20_23_48_Pro.jpg?psid=1
HTTP 403	https://4d1hnw.dm2304.livefilestore.com/y2p4DbGDQAQXeq9An8p8_O6xOwrPlDFSr78w4U0G1QBZ21uvTBYfIFaF6aCht1ehP8s4otmPQD2dYKBsXGRDI5yNZW4_nLSeWi0AINHgzMpJc8/fotor_037%281%29.jpg?psid=1
HTTP 403	https://4d1hnw.dm2304.livefilestore.com/y2pDgdn8_DbXWe7et0hhRdCwR5inWK1XWC_tw242tf5NNQ6CNWZpQM7uhvD_BAQQyXtQ7vFe8NjikjykzpMJlA1m4Kg9qpzcUyWQI9byjIfHqM/WP_20140316_20_23_23_Pro.jpg?psid=1
HTTP 403	https://4d1hnw.dm2303.livefilestore.com/y2pClkQFbcUGSlLfwi17rC-5Y0x5Ia8LDfsqOYANMlmDcRejs1IljG6arSUYm3vHH7yX5OsxsLuflaH67pZTwIbZhCddPdpIEp1emOHAPI-RHs/WP_20140316_20_22_52_Pro.jpg?psid=1
HTTP 403	https://4d1hnw.dm2304.livefilestore.com/y2p0Px3Dbf1s860pbCfLlln51kSVpMWgNQaWaashmjmLN96NySA9kQGOop1ynsAhh0Pp20Bn0TzD5MLqGw30Pc1rHKt1CjsTjpF2esbzVoSY_U/6tag_220414-210419.jpg?psid=1
HTTP 403	https://4d1hnw.dm2304.livefilestore.com/y2psoIb2q47ntsSPcPWZmzdCBxKnpjF3GDY7s9qoKxLFR4LltjJlI4R50rUNHxxSluZngw_iYU6yVny3RU3aegJA8x6_wu6EaKepZxMTr1pFnU/fotor_%281%29%20%281%29.jpg?psid=1
HTTP 403	https://4d1hnw.dm2304.livefilestore.com/y2pwdGetN3ry7MOfBSX1NRSE5v1hSic70O5jcdM6gRQfl8rA-0jUc9buDJvaa_6RdrMgBLSjWpOgwMujdF2fC-_dIOQ-yuD2oFpLoTRKmGj6Vk/6tag_160314-164346.jpg?psid=1
HTTP 403	https://4d1hnw.dm2301.livefilestore.com/y2pPVMcVMpryQpcNox32-NlL3c07bEPB4Kia33Cs7_I_a4LZ3EtC2YhOsQirzbX2SQsZnwsgveFIXBVlDlrKVuG2cYA98U3eoY_0ph1WCnPetA/130501829197521179.jpg?psid=1
HTTP 404	https://4d1hnw.dm2301.livefilestore.com/y2pY9wgXSAWflqcfhVutPqdk-rfeZVr4z1e3je7r-0Ny1jh9PY1N4dgFhfC_hHmIgrHQcHSIZWNmsdpNuEiCXo5fB1gvAIMsx2VE7DZnj7nJ7Y/130501830067306780.jpg?psid=1
